<?xml version="1.0" encoding="utf-8"?><testsuites><testsuite name="pytest" errors="0" failures="42" skipped="4" tests="2105" time="292.845" timestamp="2025-04-01T17:31:30.385776+02:00" hostname="DESKTOP"><testcase classname="tests.terraform.checks.data.aws.test_AdminPolicyDocument.TestAdminPolicyDocument" name="test" time="0.689" /><testcase classname="tests.terraform.checks.data.aws.test_CloudSplainingCredentialsExposure.TestcloudsplainingPrivilegeEscalation" name="test" time="0.192" /><testcase classname="tests.terraform.checks.data.aws.test_CloudSplainingDataExfiltration.TestcloudsplainingDataExfiltration" name="test" time="0.083" /><testcase classname="tests.terraform.checks.data.aws.test_CloudSplainingPrivilegeEscalation.TestcloudsplainingPrivilegeEscalation" name="test" time="0.082" /><testcase classname="tests.terraform.checks.data.aws.test_CloudsplainingIAMWrite.TestCloudsplainingIAMWrite" name="test" time="0.082" /><testcase classname="tests.terraform.checks.data.aws.test_CloudsplainingPermissionsManagement.TestCloudsplainingPermissionManagement" name="test" time="0.083" /><testcase classname="tests.terraform.checks.data.aws.test_GithubActionsOIDCTrustPolicy.TestGithubActionsOIDCTrustPolicy" name="test" time="0.066" /><testcase classname="tests.terraform.checks.data.aws.test_GithubActionsOIDCTrustPolicy.TestGithubActionsOIDCTrustPolicy" name="test_terraform_plan" time="0.086" /><testcase classname="tests.terraform.checks.data.aws.test_IAMManagedAdminPolicy.TestIAMManagedAdminPolicy" name="test" time="0.202" /><testcase classname="tests.terraform.checks.data.aws.test_IAMPublicActionsPolicy.TestIAMPublicActionsPolicy" name="test" time="0.100" /><testcase classname="tests.terraform.checks.data.aws.test_ModuleProvider.TestModuleProvider" name="test_example_provider_with_nested_module_assign_provider" time="0.044" /><testcase classname="tests.terraform.checks.data.aws.test_ModuleProvider.TestModuleProvider" name="test_module_with_one_def_provider" time="0.005" /><testcase classname="tests.terraform.checks.data.aws.test_ModuleProvider.TestModuleProvider" name="test_module_with_two_providers" time="0.011" /><testcase classname="tests.terraform.checks.data.aws.test_ModuleProvider.TestModuleProvider" name="test_provider_edge_cases" time="0.024" /><testcase classname="tests.terraform.checks.data.aws.test_ModuleProvider.TestModuleProvider" name="test_provider_nested_module" time="0.017" /><testcase classname="tests.terraform.checks.data.aws.test_ModuleProvider.TestModuleProvider" name="test_resource_with_def_provider" time="0.044" /><testcase classname="tests.terraform.checks.data.aws.test_ResourcePolicyDocument.TestResourcePolicyDocument" name="test" time="0.092" /><testcase classname="tests.terraform.checks.data.aws.test_StarActionPolicyDocument.TestStarActionPolicyDocument" name="test" time="0.090" /><testcase classname="tests.terraform.checks.data.aws.test_WhoAMI.TestWhoAMI" name="test" time="0.123" /><testcase classname="tests.terraform.checks.data.external.test_external_data.TestExternalData" name="test" time="0.115" /><testcase classname="tests.terraform.checks.data.gcp.test_GooglePolicyIsPrivate.TestGooglePolicyIsPrivate" name="test" time="0.082" /><testcase classname="tests.terraform.checks.data.test_base_data_check" name="test_scan_entity_conf[pass]" time="0.038" /><testcase classname="tests.terraform.checks.data.test_base_data_check" name="test_scan_entity_conf[fail]" time="0.001" /><testcase classname="tests.terraform.checks.data.test_base_data_check" name="test_scan_entity_conf[unknown]" time="0.001" /><testcase classname="tests.terraform.checks.data.test_base_data_check" name="test_scan_entity_conf[count_zero]" time="0.001" /><testcase classname="tests.terraform.checks.data.test_base_data_check" name="test_scan_entity_conf[count_one]" time="0.041" /><testcase classname="tests.terraform.checks.data.test_registry.TestRegistry" name="test_registry_external_check_load" time="0.039" /><testcase classname="tests.terraform.checks.data.test_registry.TestRegistry" name="test_with_init" time="0.001" /><testcase classname="tests.terraform.checks.data.test_registry.TestRegistry" name="test_without_init" time="0.174" /><testcase classname="tests.terraform.checks.module.generic.test_RevisionHash.TestRevisionHash" name="test" time="0.088" /><testcase classname="tests.terraform.checks.module.generic.test_RevisionVersionTag.TestRevisionVersionTag" name="test" time="0.094" /><testcase classname="tests.terraform.checks.module.registry.test_ModuleCheck.TestModuleCheck" name="test_immutable_module" time="0.052" /><testcase classname="tests.terraform.checks.module.registry.test_ModuleCheck.TestModuleCheck" name="test_module_version" time="0.052" /><testcase classname="tests.terraform.checks.module.registry.test_registry.TestRegistry" name="test_registry_external_check_load" time="0.038" /><testcase classname="tests.terraform.checks.module.registry.test_registry.TestRegistry" name="test_with_init" time="0.001" /><testcase classname="tests.terraform.checks.module.registry.test_registry.TestRegistry" name="test_without_init" time="0.037" /><testcase classname="tests.terraform.checks.provider.aws.test_credentials.TestCredentials" name="test_failure_access_key" time="0.039" /><testcase classname="tests.terraform.checks.provider.aws.test_credentials.TestCredentials" name="test_failure_both_keys" time="0.001" /><testcase classname="tests.terraform.checks.provider.aws.test_credentials.TestCredentials" name="test_failure_secret_key" time="0.001" /><testcase classname="tests.terraform.checks.provider.aws.test_credentials.TestCredentials" name="test_success_empty" time="0.001" /><testcase classname="tests.terraform.checks.provider.aws.test_credentials.TestCredentials" name="test_success_region" time="0.038" /><testcase classname="tests.terraform.checks.provider.bridgecrew.test_credentials.TestCredentials" name="test_failure" time="0.038" /><testcase classname="tests.terraform.checks.provider.bridgecrew.test_credentials.TestCredentials" name="test_success" time="0.037" /><testcase classname="tests.terraform.checks.provider.linode.test_credentials.TestCredentials" name="test_failure" time="0.040" /><testcase classname="tests.terraform.checks.provider.linode.test_credentials.TestCredentials" name="test_success" time="0.037" /><testcase classname="tests.terraform.checks.provider.ncp.test_credentials.TestCredentials" name="test_failure_access_key" time="0.039" /><testcase classname="tests.terraform.checks.provider.ncp.test_credentials.TestCredentials" name="test_failure_both_keys" time="0.001" /><testcase classname="tests.terraform.checks.provider.ncp.test_credentials.TestCredentials" name="test_failure_secret_key" time="0.001" /><testcase classname="tests.terraform.checks.provider.ncp.test_credentials.TestCredentials" name="test_success_empty" time="0.001" /><testcase classname="tests.terraform.checks.provider.ncp.test_credentials.TestCredentials" name="test_success_region" time="0.038" /><testcase classname="tests.terraform.checks.provider.oci.test_credentials.TestCredentials" name="test_failure" time="0.038" /><testcase classname="tests.terraform.checks.provider.oci.test_credentials.TestCredentials" name="test_success" time="0.165" /><testcase classname="tests.terraform.checks.provider.openstack.test_credentials.TestCredentials" name="test_failure_app_secret" time="0.039" /><testcase classname="tests.terraform.checks.provider.openstack.test_credentials.TestCredentials" name="test_failure_password" time="0.001" /><testcase classname="tests.terraform.checks.provider.openstack.test_credentials.TestCredentials" name="test_failure_token" time="0.001" /><testcase classname="tests.terraform.checks.provider.openstack.test_credentials.TestCredentials" name="test_success_empty" time="0.001" /><testcase classname="tests.terraform.checks.provider.openstack.test_credentials.TestCredentials" name="test_success_region" time="0.038" /><testcase classname="tests.terraform.checks.provider.panos.test_credentials.TestCredentials" name="test_api_key" time="0.048"><failure message="AssertionError: Items in the first set but not the second:&#10;'/pass.tf'&#10;Items in the second set but not the first:&#10;'\\pass.tf'">self = &lt;tests.terraform.checks.provider.panos.test_credentials.TestCredentials testMethod=test_api_key&gt;

    def test_api_key(self):
        runner = Runner()
        current_dir = os.path.dirname(os.path.realpath(__file__))
    
        test_files_dir = current_dir + "/resources/api_key"
        report = runner.run(root_folder=test_files_dir, runner_filter=RunnerFilter(checks=[check.id]))
        summary = report.get_summary()
    
        passing_resources_files = {
            "/pass.tf",
        }
    
        failing_resources_files = {
            "/fail1.tf",
            "/fail2.tf"
        }
    
        passed_check_resources_files = set([c.file_path for c in report.passed_checks])
        failing_check_resources_files = set([c.file_path for c in report.failed_checks])
    
        self.assertEqual(summary["passed"], 1)
        self.assertEqual(summary["failed"], 2)
        self.assertEqual(summary["skipped"], 0)
        self.assertEqual(summary["parsing_errors"], 0)
    
&gt;       self.assertEqual(passing_resources_files, passed_check_resources_files)
E       AssertionError: Items in the first set but not the second:
E       '/pass.tf'
E       Items in the second set but not the first:
E       '\\pass.tf'

tests\terraform\checks\provider\panos\test_credentials.py:72: AssertionError</failure></testcase><testcase classname="tests.terraform.checks.provider.panos.test_credentials.TestCredentials" name="test_failure_api" time="0.001" /><testcase classname="tests.terraform.checks.provider.panos.test_credentials.TestCredentials" name="test_failure_password" time="0.001" /><testcase classname="tests.terraform.checks.provider.panos.test_credentials.TestCredentials" name="test_success" time="0.039" /><testcase classname="tests.terraform.checks.resource.alicloud.test_ALBACLIsUnrestricted.TestALBACLIsUnrestricted" name="test" time="0.085" /><testcase classname="tests.terraform.checks.resource.alicloud.test_APIGatewayProtocolHTTPS.TestAPIGatewayProtocolHTTPS" name="test" time="0.097" /><testcase classname="tests.terraform.checks.resource.alicloud.test_ActionTrailLogAllEvents.TestActionTrailLogAllEvents" name="test" time="0.082" /><testcase classname="tests.terraform.checks.resource.alicloud.test_ActionTrailLogAllRegions.TestActionTrailLogAllRegions" name="test" time="0.082" /><testcase classname="tests.terraform.checks.resource.alicloud.test_DiskEncryptedWithCMK.TestDiskEncryptedWithCMK" name="test" time="0.084" /><testcase classname="tests.terraform.checks.resource.alicloud.test_DiskIsEncrypted.TestDiskIsEncrypted" name="test" time="0.082" /><testcase classname="tests.terraform.checks.resource.alicloud.test_K8sEnableNetworkPolicies.TestK8sEnableNetworkPolicies" name="test" time="0.093" /><testcase classname="tests.terraform.checks.resource.alicloud.test_K8sNodePoolAutoRepair.TestK8sNodePoolAutoRepair" name="test" time="0.276" /><testcase classname="tests.terraform.checks.resource.alicloud.test_KMSKeyIsEnabled.TestKMSKeyIsEnabled" name="test" time="0.101" /><testcase classname="tests.terraform.checks.resource.alicloud.test_KMSKeyRotationIsEnabled.TestKMSKeyRotationIsEnabled" name="test" time="0.132" /><testcase classname="tests.terraform.checks.resource.alicloud.test_LaunchTemplateDiskAreEncrypted.TestLaunchTemplateDisksAreEncrypted" name="test" time="0.124" /><testcase classname="tests.terraform.checks.resource.alicloud.test_LogAuditRDSEnabled.TestLogAuditRDSEnabled" name="test" time="0.130" /><testcase classname="tests.terraform.checks.resource.alicloud.test_MongoDBInsideVPC.TestMongoDBInsideVPC" name="test" time="0.093" /><testcase classname="tests.terraform.checks.resource.alicloud.test_MongoDBInstanceSSL.TestMongoDBInstanceSSL" name="test" time="0.093" /><testcase classname="tests.terraform.checks.resource.alicloud.test_MongoDBIsPublic.TestMongoDBIsPublic" name="test" time="0.086" /><testcase classname="tests.terraform.checks.resource.alicloud.test_MongoDBTransparentDataEncryption.TestMongoDBTransparentDataEncryptionEnabled" name="test" time="0.083" /><testcase classname="tests.terraform.checks.resource.alicloud.test_OSSBucketAccessLogs.TestOSSBucketAccessLogs" name="test" time="0.223" /><testcase classname="tests.terraform.checks.resource.alicloud.test_OSSBucketEncryptedWithCMK.TestOSSBucketEncryptedWithCMK" name="test" time="0.104" /><testcase classname="tests.terraform.checks.resource.alicloud.test_OSSBucketTransferAcceleration.TestOSSBucketTransferAcceleration" name="test" time="0.091" /><testcase classname="tests.terraform.checks.resource.alicloud.test_OSSBucketVersioning.TestOSSBucketVersioning" name="test" time="0.088" /><testcase classname="tests.terraform.checks.resource.alicloud.test_PasswordPolicyExpiration.TestPasswordPolicyExpiration" name="test" time="0.082" /><testcase classname="tests.terraform.checks.resource.alicloud.test_PasswordPolicyLength.TestPasswordPolicyLength" name="test" time="0.086" /><testcase classname="tests.terraform.checks.resource.alicloud.test_PasswordPolicyLowercaseLetter.TestPasswordPolicyLowercaseLetter" name="test" time="0.082" /><testcase classname="tests.terraform.checks.resource.alicloud.test_PasswordPolicyMaxLogin.TestPasswordPolicyMaxLogin" name="test" time="0.085" /><testcase classname="tests.terraform.checks.resource.alicloud.test_PasswordPolicyNumber.TestPasswordPolicyNumber" name="test" time="0.082" /><testcase classname="tests.terraform.checks.resource.alicloud.test_PasswordPolicyReuse.TestPasswordPolicyReuse" name="test" time="0.207" /><testcase classname="tests.terraform.checks.resource.alicloud.test_PasswordPolicySymbol.TestPasswordPolicySymbol" name="test" time="0.082" /><testcase classname="tests.terraform.checks.resource.alicloud.test_PasswordPolicyUppcaseLetter.TestPasswordPolicyUppcaseLetter" name="test" time="0.098" /><testcase classname="tests.terraform.checks.resource.alicloud.test_RAMSecurityEnforceMFA.TestRAMSecurityEnforceMFA" name="test" time="0.128" /><testcase classname="tests.terraform.checks.resource.alicloud.test_RDSInstanceAutoUpgrade.TestRDSInstanceAutoUpgrade" name="test" time="0.093" /><testcase classname="tests.terraform.checks.resource.alicloud.test_RDSInstanceLogConnections.TestRDSInstanceLogConnections" name="test" time="0.097" /><testcase classname="tests.terraform.checks.resource.alicloud.test_RDSInstanceLogDisconnections.TestRDSInstanceLogDisconnections" name="test" time="0.093" /><testcase classname="tests.terraform.checks.resource.alicloud.test_RDSInstanceLogsEnabled.TestRDSInstanceLogsEnabled" name="test" time="0.111" /><testcase classname="tests.terraform.checks.resource.alicloud.test_RDSInstanceSSL.TestRDSInstanceSSL" name="test" time="0.099" /><testcase classname="tests.terraform.checks.resource.alicloud.test_RDSIsPublic.TestRDSIsPublic" name="test" time="0.246" /><testcase classname="tests.terraform.checks.resource.alicloud.test_RDSRetention.TestRDSRetention" name="test" time="0.116" /><testcase classname="tests.terraform.checks.resource.alicloud.test_RDSTransparentDataEncryption.TestRDSTransparentDataEncryptionEnabled" name="test" time="0.095" /><testcase classname="tests.terraform.checks.resource.alicloud.test_SecurityGroupUnrestrictedIngress22.TestSecurityGroupUnrestrictedIngress22" name="test" time="0.105" /><testcase classname="tests.terraform.checks.resource.alicloud.test_SecurityGroupUnrestrictedIngress3389.TestSecurityGroupUnrestrictedIngress3389" name="test" time="0.104" /><testcase classname="tests.terraform.checks.resource.alicloud.test_TLSPoliciesAreSecure.TestTLSPoliciesAreSecure" name="test" time="0.081" /><testcase classname="tests.terraform.checks.resource.aws.test_ACMCertCreateBeforeDestroy.TestACMCertCreateBeforeDestroy" name="test" time="0.083" /><testcase classname="tests.terraform.checks.resource.aws.test_ACMCertSetLoggingPreference.TestACMCertSetLoggingPreference" name="test" time="0.081" /><testcase classname="tests.terraform.checks.resource.aws.test_ALBDesyncMode.TestALBDesyncMode" name="test" time="0.096" /><testcase classname="tests.terraform.checks.resource.aws.test_ALBDropHttpHeaders.TestALBDropHttpHeaders" name="test" time="0.090" /><testcase classname="tests.terraform.checks.resource.aws.test_ALBListenerHTTPS.TestALBListenerHTTPS" name="test_failure_1" time="0.173" /><testcase classname="tests.terraform.checks.resource.aws.test_ALBListenerHTTPS.TestALBListenerHTTPS" name="test_failure_2" time="0.001" /><testcase classname="tests.terraform.checks.resource.aws.test_ALBListenerHTTPS.TestALBListenerHTTPS" name="test_nlb_tcp_success" time="0.001" /><testcase classname="tests.terraform.checks.resource.aws.test_ALBListenerHTTPS.TestALBListenerHTTPS" name="test_nlb_tcp_udp_success" time="0.001" /><testcase classname="tests.terraform.checks.resource.aws.test_ALBListenerHTTPS.TestALBListenerHTTPS" name="test_nlb_udp_success" time="0.001" /><testcase classname="tests.terraform.checks.resource.aws.test_ALBListenerHTTPS.TestALBListenerHTTPS" name="test_success_1" time="0.001" /><testcase classname="tests.terraform.checks.resource.aws.test_ALBListenerHTTPS.TestALBListenerHTTPS" name="test_success_2" time="0.001" /><testcase classname="tests.terraform.checks.resource.aws.test_ALBListenerHTTPS.TestALBListenerHTTPS" name="test_success_no_protocol" time="0.002" /><testcase classname="tests.terraform.checks.resource.aws.test_ALBListenerHTTPS.TestALBListenerHTTPS" name="test_success_redirect" time="0.001" /><testcase classname="tests.terraform.checks.resource.aws.test_ALBListenerHTTPS.TestALBListenerHTTPS" name="test_unknown_not_rendered" time="0.040" /><testcase classname="tests.terraform.checks.resource.aws.test_AMICopyIsEncrypted.TestAMICopyIsEncrypted" name="test" time="0.086" /><testcase classname="tests.terraform.checks.resource.aws.test_AMICopyUsesCMK.TestAMIEncryption" name="test" time="0.082" /><testcase classname="tests.terraform.checks.resource.aws.test_AMIEncryption.TestAMIEncryption" name="test" time="0.086" /><testcase classname="tests.terraform.checks.resource.aws.test_AMILaunchIsShared.TestAMILaunchIsShared" name="test" time="0.077" /><testcase classname="tests.terraform.checks.resource.aws.test_APIGatewayAccessLogging.TestAPIGatewayAccessLogs" name="test_failure" time="0.037" /><testcase classname="tests.terraform.checks.resource.aws.test_APIGatewayAccessLogging.TestAPIGatewayAccessLogs" name="test_success" time="0.038" /><testcase classname="tests.terraform.checks.resource.aws.test_APIGatewayAuthorization.TestAPIGatewayAuthorization" name="test_authorization_missing" time="0.037" /><testcase classname="tests.terraform.checks.resource.aws.test_APIGatewayAuthorization.TestAPIGatewayAuthorization" name="test_failure" time="0.001" /><testcase classname="tests.terraform.checks.resource.aws.test_APIGatewayAuthorization.TestAPIGatewayAuthorization" name="test_success" time="0.001" /><testcase classname="tests.terraform.checks.resource.aws.test_APIGatewayAuthorization.TestAPIGatewayAuthorization" name="test_success_apikey" time="0.038" /><testcase classname="tests.terraform.checks.resource.aws.test_APIGatewayCacheEnable.TestAPIGatewayCacheEnable" name="test" time="0.079" /><testcase classname="tests.terraform.checks.resource.aws.test_APIGatewayCreateBeforeDestroy.TestAPIGatewayCreateBeforeDestroy" name="test" time="0.082" /><testcase classname="tests.terraform.checks.resource.aws.test_APIGatewayDeploymentCreateBeforeDestroy.TestAPIGatewayDeploymentCreateBeforeDestroy" name="test" time="0.207" /><testcase classname="tests.terraform.checks.resource.aws.test_APIGatewayDomainNameTLS.TestAPIGatewayDomainNameTLS" name="test" time="0.081" /><testcase classname="tests.terraform.checks.resource.aws.test_APIGatewayMethodSettingCacheEncrypted.TestAPIGatewayMethodSettingsCacheEncrypted" name="test" time="0.084" /><testcase classname="tests.terraform.checks.resource.aws.test_APIGatewayMethodSettingsCacheEnabled.TestAPIGatewayMethodSettingsCacheEnabled" name="test" time="0.082" /><testcase classname="tests.terraform.checks.resource.aws.test_APIGatewayMethodSettingsDataTrace.TestAPIGatewayMethodSettingsDataTrace" name="test" time="0.082" /><testcase classname="tests.terraform.checks.resource.aws.test_APIGatewayV2RouteDefinesAuthorizationType.TestAPIGatewayV2RouteDefinesAuthorizationType" name="test" time="0.082" /><testcase classname="tests.terraform.checks.resource.aws.test_APIGatewayXray.TestAPIGatewayXray" name="test_failure" time="0.038" /><testcase classname="tests.terraform.checks.resource.aws.test_APIGatewayXray.TestAPIGatewayXray" name="test_success" time="0.037" /><testcase classname="tests.terraform.checks.resource.aws.test_AWSCodeGuruHasCMK.TestAWSCodeGuruHasCMK" name="test" time="0.081" /><testcase classname="tests.terraform.checks.resource.aws.test_AppFlowConnectorProfileUsesCMK.TestAppFlowConnectorProfileUsesCMK" name="test" time="0.083" /><testcase classname="tests.terraform.checks.resource.aws.test_AppFlowUsesCMK.TestAppFlowUsesCMK" name="test" time="0.088" /><testcase classname="tests.terraform.checks.resource.aws.test_AppSyncFieldLevelLogs.TestAppSyncFieldLevelLogs" name="test" time="0.208" /><testcase classname="tests.terraform.checks.resource.aws.test_AppSyncLogging.TestAppSyncLogging" name="test" time="0.080" /><testcase classname="tests.terraform.checks.resource.aws.test_AppsyncAPICacheEncryptionAtRest.TestAppsyncAPICacheEncryptionAtRest" name="test" time="0.081" /><testcase classname="tests.terraform.checks.resource.aws.test_AppsyncAPICacheEncryptionInTransit.TestAppsyncAPICacheEncryptionInTransit" name="test" time="0.082" /><testcase classname="tests.terraform.checks.resource.aws.test_AthenaDatabaseEncryption.TestAthenaDatabaseEncryption" name="test_failure" time="0.037" /><testcase classname="tests.terraform.checks.resource.aws.test_AthenaDatabaseEncryption.TestAthenaDatabaseEncryption" name="test_success" time="0.038" /><testcase classname="tests.terraform.checks.resource.aws.test_AthenaWorkgroupConfiguration.TestAthenaWorkgroupConfiguration" name="test_failure" time="0.036" /><testcase classname="tests.terraform.checks.resource.aws.test_AthenaWorkgroupConfiguration.TestAthenaWorkgroupConfiguration" name="test_success" time="0.001" /><testcase classname="tests.terraform.checks.resource.aws.test_AthenaWorkgroupConfiguration.TestAthenaWorkgroupConfiguration" name="test_success_full" time="0.037" /><testcase classname="tests.terraform.checks.resource.aws.test_AthenaWorkgroupEncryption.TestAthenaWorkgroupEncryption" name="test" time="0.082" /><testcase classname="tests.terraform.checks.resource.aws.test_AuroraEncryption.TestAuroraEncryption" name="test_failure_default" time="0.039" /><testcase classname="tests.terraform.checks.resource.aws.test_AuroraEncryption.TestAuroraEncryption" name="test_failure_explicit" time="0.002" /><testcase classname="tests.terraform.checks.resource.aws.test_AuroraEncryption.TestAuroraEncryption" name="test_success" time="0.002" /><testcase classname="tests.terraform.checks.resource.aws.test_AuroraEncryption.TestAuroraEncryption" name="test_success_serverless_default" time="0.002" /><testcase classname="tests.terraform.checks.resource.aws.test_AuroraEncryption.TestAuroraEncryption" name="test_success_serverless_enc_off" time="0.039" /><testcase classname="tests.terraform.checks.resource.aws.test_AutoScalingLaunchTemplate.TestAutoScalingLaunchTemplate" name="test" time="0.090" /><testcase classname="tests.terraform.checks.resource.aws.test_AutoScalingTagging.TestAutoScalingTagging" name="test" time="0.210" /><testcase classname="tests.terraform.checks.resource.aws.test_BackupVaultEncrypted.TestBackupVaultEncrypted" name="test" time="0.080" /><testcase classname="tests.terraform.checks.resource.aws.test_BatchJobIsNotPrivileged.TestBatchJobIsNotPrivileged" name="test" time="0.091" /><testcase classname="tests.terraform.checks.resource.aws.test_BedrockAgentEncrypted.TestBedrockAgentEncrypted" name="test" time="0.083" /><testcase classname="tests.terraform.checks.resource.aws.test_BedrockGuardrails.TestBedrockGuardrails" name="test" time="0.081" /><testcase classname="tests.terraform.checks.resource.aws.test_CloudFrontGeoRestrictionDisabled.TestCloudFrontGeoRestrictionDisabled" name="test" time="0.108" /><testcase classname="tests.terraform.checks.resource.aws.test_CloudFrontResponseHeaderStrictTransportSecurity.TestCloudFrontResponseHeaderStrictTransportSecurity" name="test" time="0.082" /><testcase classname="tests.terraform.checks.resource.aws.test_CloudFrontTLS12.TestCloudFrontTLS12" name="test" time="0.159" /><testcase classname="tests.terraform.checks.resource.aws.test_CloudWatchAlarmsEnabled.TestCloudWatchAlarmsEnabled" name="test" time="0.089" /><testcase classname="tests.terraform.checks.resource.aws.test_CloudWatchLogGroupKMSKey.TestCloudWatchLogGroupKMSKey" name="test" time="0.079" /><testcase classname="tests.terraform.checks.resource.aws.test_CloudWatchLogGroupRetention.TestCloudWatchLogGroupRetention" name="test" time="0.200" /><testcase classname="tests.terraform.checks.resource.aws.test_CloudWatchLogGroupRetentionYear.TestCloudWatchLogGroupRetentionYear" name="test" time="0.080" /><testcase classname="tests.terraform.checks.resource.aws.test_CloudformationStackNotificationArns.TestCloudformationStackNotificationArns" name="test_failure" time="0.037" /><testcase classname="tests.terraform.checks.resource.aws.test_CloudformationStackNotificationArns.TestCloudformationStackNotificationArns" name="test_success" time="0.039" /><testcase classname="tests.terraform.checks.resource.aws.test_CloudfrontDistributionDefaultRoot.TestCloudfrontDistributionDefaultRoot" name="test" time="0.110" /><testcase classname="tests.terraform.checks.resource.aws.test_CloudfrontDistributionEnabled.TestCloudfrontDistributionEnabled" name="test" time="0.129" /><testcase classname="tests.terraform.checks.resource.aws.test_CloudfrontDistributionEncryption.TestCloudfrontDistributionEncryption" name="test_failure" time="0.036" /><testcase classname="tests.terraform.checks.resource.aws.test_CloudfrontDistributionEncryption.TestCloudfrontDistributionEncryption" name="test_success" time="0.039" /><testcase classname="tests.terraform.checks.resource.aws.test_CloudfrontDistributionLogging.TestCloudfrontDistributionLogging" name="test_failure" time="0.037" /><testcase classname="tests.terraform.checks.resource.aws.test_CloudfrontDistributionLogging.TestCloudfrontDistributionLogging" name="test_null_var_651" time="0.000"><skipped type="pytest.skip" message="Need to handle null variables">c:\Users\domar\Desktop\MT_repos\checkov\tests\terraform\checks\resource\aws\test_CloudfrontDistributionLogging.py:33: Need to handle null variables</skipped></testcase><testcase classname="tests.terraform.checks.resource.aws.test_CloudfrontDistributionLogging.TestCloudfrontDistributionLogging" name="test_success" time="0.041" /><testcase classname="tests.terraform.checks.resource.aws.test_CloudfrontDistributionOriginFailover.TestCloudfrontDistributionOriginFailover" name="test" time="0.161" /><testcase classname="tests.terraform.checks.resource.aws.test_CloudsearchDomainEnforceHttps.TestCloudsearchEnforceHttps" name="test" time="0.092" /><testcase classname="tests.terraform.checks.resource.aws.test_CloudsearchDomainTLS.TestCloudsearchDomainTLS" name="test" time="0.211" /><testcase classname="tests.terraform.checks.resource.aws.test_CloudtrailDefinesSNSTopic.TestCCloudtrailDefinesSNSTopic" name="test" time="0.083" /><testcase classname="tests.terraform.checks.resource.aws.test_CloudtrailEnableLogging.TestCloudtrailEncryptedWithCMK" name="test" time="0.086" /><testcase classname="tests.terraform.checks.resource.aws.test_CloudtrailEncryptedWithCMK.TestCloudtrailEncryptedWithCMK" name="test" time="0.080" /><testcase classname="tests.terraform.checks.resource.aws.test_CloudtrailEventDataStoreUsesCMK.TestCloudtrailEventDataStoreUsesCMK" name="test" time="0.080" /><testcase classname="tests.terraform.checks.resource.aws.test_CloudtrailLogValidation.TestCloudtrailLogValidation" name="test_failure" time="0.037" /><testcase classname="tests.terraform.checks.resource.aws.test_CloudtrailLogValidation.TestCloudtrailLogValidation" name="test_success" time="0.038" /><testcase classname="tests.terraform.checks.resource.aws.test_CloudtrailMultiRegion.TestCloudtrailMultiRegion" name="test_failure" time="0.038" /><testcase classname="tests.terraform.checks.resource.aws.test_CloudtrailMultiRegion.TestCloudtrailMultiRegion" name="test_failure_negative_multi_region" time="0.002" /><testcase classname="tests.terraform.checks.resource.aws.test_CloudtrailMultiRegion.TestCloudtrailMultiRegion" name="test_success" time="0.038" /><testcase classname="tests.terraform.checks.resource.aws.test_CodeArtifactDomainEncryptedWithCMK.TestCodeArtifactDomainEncryptedWithCMK" name="test" time="0.080" /><testcase classname="tests.terraform.checks.resource.aws.test_CodeBuildPrivilegedMode.TestCodeBuildPrivilegedMode" name="test" time="0.084" /><testcase classname="tests.terraform.checks.resource.aws.test_CodeBuildProjectEncryption.TestCodeBuildProjectEncryption" name="test" time="0.212" /><testcase classname="tests.terraform.checks.resource.aws.test_CodePipelineArtifactsEncrypted.TestCodePipelineArtifactsEncrypted" name="test" time="0.100" /><testcase classname="tests.terraform.checks.resource.aws.test_CodebuildHasLogs.TestCodebuildHasLogs" name="test" time="0.081" /><testcase classname="tests.terraform.checks.resource.aws.test_CodebuildS3LogsEncrypted.TestCodebuildS3LogsEncrypted" name="test" time="0.120" /><testcase classname="tests.terraform.checks.resource.aws.test_CodebuildUsesCMK.TestCodebuildUsesCMK" name="test" time="0.090" /><testcase classname="tests.terraform.checks.resource.aws.test_CodecommitApprovalRulesRequireMin2.TestCodecommitApprovalsRulesRequireMin2" name="test" time="0.087" /><testcase classname="tests.terraform.checks.resource.aws.test_CognitoUnauthenticatedIdentities.TestCognitoUnauthenticatedIdentities" name="test" time="0.095" /><testcase classname="tests.terraform.checks.resource.aws.test_ComprehendEntityRecognizerModelUsesCMK.TestComprehendEntityRecognizerModelUsesCMK" name="test" time="0.091" /><testcase classname="tests.terraform.checks.resource.aws.test_ComprehendEntityRecognizerVolumeUsesCMK.TestComprehendEntityRecognizerVolumeUsesCMK" name="test" time="0.088" /><testcase classname="tests.terraform.checks.resource.aws.test_ConfigConfigurationAggregator.TestConfigConfigurationAggregator" name="test_failure" time="0.037" /><testcase classname="tests.terraform.checks.resource.aws.test_ConfigConfigurationAggregator.TestConfigConfigurationAggregator" name="test_failure_account" time="0.002" /><testcase classname="tests.terraform.checks.resource.aws.test_ConfigConfigurationAggregator.TestConfigConfigurationAggregator" name="test_failure_organization" time="0.001" /><testcase classname="tests.terraform.checks.resource.aws.test_ConfigConfigurationAggregator.TestConfigConfigurationAggregator" name="test_success_account" time="0.001" /><testcase classname="tests.terraform.checks.resource.aws.test_ConfigConfigurationAggregator.TestConfigConfigurationAggregator" name="test_success_organization" time="0.039" /><testcase classname="tests.terraform.checks.resource.aws.test_ConnectInstanceKinesisVideoStreamStorageConfigUsesCMK.TestConnectInstanceKinesisVideoStreamStorageConfigUsesCMK" name="test" time="0.212" /><testcase classname="tests.terraform.checks.resource.aws.test_ConnectInstanceS3StorageConfigUsesCMK.TestConnectInstanceS3StorageConfigUsesCMK" name="test" time="0.084" /><testcase classname="tests.terraform.checks.resource.aws.test_DAXEncryption.TestDAXEncryption" name="test" time="0.082" /><testcase classname="tests.terraform.checks.resource.aws.test_DAXEndpointTLS.TestDAXEncryption" name="test" time="0.085" /><testcase classname="tests.terraform.checks.resource.aws.test_DBInstanceBackupRetentionPeriod.TestDBInstanceBackupRetentionPeriod" name="test" time="0.083" /><testcase classname="tests.terraform.checks.resource.aws.test_DBInstanceLogging.TestDBInstanceLogging" name="test" time="0.082" /><testcase classname="tests.terraform.checks.resource.aws.test_DBInstanceMinorUpgrade.TestDBInstanceMinorUpgrade" name="test" time="0.087" /><testcase classname="tests.terraform.checks.resource.aws.test_DBSnapshotCopyUsesCMK.TestDBSnapshotCopyUsesCMK" name="test" time="0.079" /><testcase classname="tests.terraform.checks.resource.aws.test_DBSnapshotsArePrivate.TestDBSnapshotsArePrivate" name="test" time="0.082" /><testcase classname="tests.terraform.checks.resource.aws.test_DLMEventsCrossRegionEncryption.TestDLMEventsCrossRegionEncryption" name="test" time="0.222" /><testcase classname="tests.terraform.checks.resource.aws.test_DLMEventsCrossRegionEncryptionWithCMK.TestDLMEventsCrossRegionEncryptionWithCMK" name="test" time="0.095" /><testcase classname="tests.terraform.checks.resource.aws.test_DLMScheduleCrossRegionEncryption.TestDLMScheduleCrossRegionEncryption" name="test" time="0.092" /><testcase classname="tests.terraform.checks.resource.aws.test_DLMScheduleCrossRegionEncryptionWithCMK.TestDLMScheduleCrossRegionEncryptionWithCMK" name="test" time="0.101" /><testcase classname="tests.terraform.checks.resource.aws.test_DMSEndpointUsesCMK.TestDMSEndpointUsesCMK" name="test" time="0.093" /><testcase classname="tests.terraform.checks.resource.aws.test_DMSReplicationInstanceEncryptedWithCMK.TestDMSReplicationInstanceEncryptedWithCMK" name="test" time="0.080" /><testcase classname="tests.terraform.checks.resource.aws.test_DMSReplicationInstanceMinorUpgrade.TestDMSReplicationInstanceMinorUpgrade" name="test" time="0.081" /><testcase classname="tests.terraform.checks.resource.aws.test_DMSReplicationInstancePubliclyAccessible.TestDMSReplicationInstancePubliclyAccessible" name="test_failure_set_public" time="0.037" /><testcase classname="tests.terraform.checks.resource.aws.test_DMSReplicationInstancePubliclyAccessible.TestDMSReplicationInstancePubliclyAccessible" name="test_success_default" time="0.001" /><testcase classname="tests.terraform.checks.resource.aws.test_DMSReplicationInstancePubliclyAccessible.TestDMSReplicationInstancePubliclyAccessible" name="test_success_set_private" time="0.039" /><testcase classname="tests.terraform.checks.resource.aws.test_DMSS3UsesCMK.TestDMSS3UsesCMK" name="test" time="0.083" /><testcase classname="tests.terraform.checks.resource.aws.test_DatasyncLocationExposesSecrets.TestDatasyncLocationExposesSecrets" name="test" time="0.205" /><testcase classname="tests.terraform.checks.resource.aws.test_DeprecatedLambdaRuntime.TestDeprecatedLambdaRuntime" name="test" time="0.082" /><testcase classname="tests.terraform.checks.resource.aws.test_DocDBAuditLogs.TestDocDBAuditLogs" name="test_failure" time="0.038" /><testcase classname="tests.terraform.checks.resource.aws.test_DocDBAuditLogs.TestDocDBAuditLogs" name="test_failure_no_parameters" time="0.001" /><testcase classname="tests.terraform.checks.resource.aws.test_DocDBAuditLogs.TestDocDBAuditLogs" name="test_success_with_parameters" time="0.040" /><testcase classname="tests.terraform.checks.resource.aws.test_DocDBBackupRetention.TestDocDBBackupRetention" name="test" time="0.080" /><testcase classname="tests.terraform.checks.resource.aws.test_DocDBEncryptedWithCMK.TestDocDBEncryptedWithCMK" name="test" time="0.086" /><testcase classname="tests.terraform.checks.resource.aws.test_DocDBEncryption.TestDocDBEncryption" name="test_failure" time="0.036" /><testcase classname="tests.terraform.checks.resource.aws.test_DocDBEncryption.TestDocDBEncryption" name="test_success" time="0.038" /><testcase classname="tests.terraform.checks.resource.aws.test_DocDBGlobalClusterEncryption.TestDocDBGlobalClusterEncryption" name="test" time="0.079" /><testcase classname="tests.terraform.checks.resource.aws.test_DocDBLogging.TestDocDBLogging" name="test" time="0.080" /><testcase classname="tests.terraform.checks.resource.aws.test_DocDBTLS.TestDocDBTLS" name="test_failure" time="0.038" /><testcase classname="tests.terraform.checks.resource.aws.test_DocDBTLS.TestDocDBTLS" name="test_success_no_parameters" time="0.001" /><testcase classname="tests.terraform.checks.resource.aws.test_DocDBTLS.TestDocDBTLS" name="test_success_with_parameters" time="0.037" /><testcase classname="tests.terraform.checks.resource.aws.test_DynamoDBTableReplicaKMSUsesCMK.TestDynamoDBTableReplicaKMSUsesCMK" name="test" time="0.081" /><testcase classname="tests.terraform.checks.resource.aws.test_DynamoDBTablesEncrypted.TestDynamoDBTablesEncrypted" name="test" time="0.211" /><testcase classname="tests.terraform.checks.resource.aws.test_DynamodbRecovery.TestDynamodbRecovery" name="test_failure" time="0.038" /><testcase classname="tests.terraform.checks.resource.aws.test_DynamodbRecovery.TestDynamodbRecovery" name="test_success" time="0.038" /><testcase classname="tests.terraform.checks.resource.aws.test_EBSDefaultEncryption.TestEBSDefaultEncryption" name="test" time="0.079" /><testcase classname="tests.terraform.checks.resource.aws.test_EBSEncryption.TestEBSEncryption" name="test" time="0.080" /><testcase classname="tests.terraform.checks.resource.aws.test_EBSSnapshotCopyEncryptedWithCMK.TestEBSSnapshotCopyEncryptedWithCMK" name="test" time="0.084" /><testcase classname="tests.terraform.checks.resource.aws.test_EBSVolumeEncryptedWithCMK.TestEBSVolumeEncryptedWithCMK" name="test" time="0.081" /><testcase classname="tests.terraform.checks.resource.aws.test_EC2Credentials.TestEC2Credentials" name="test" time="0.089" /><testcase classname="tests.terraform.checks.resource.aws.test_EC2DetailedMonitoringEnabled.TestEC2PublicIP" name="test_failure1" time="0.039" /><testcase classname="tests.terraform.checks.resource.aws.test_EC2DetailedMonitoringEnabled.TestEC2PublicIP" name="test_failure2" time="0.001" /><testcase classname="tests.terraform.checks.resource.aws.test_EC2DetailedMonitoringEnabled.TestEC2PublicIP" name="test_failure_aws_instance" time="0.038" /><testcase classname="tests.terraform.checks.resource.aws.test_EC2EBSOptimized.TestEC2EBSOptimized" name="test_failure" time="0.037" /><testcase classname="tests.terraform.checks.resource.aws.test_EC2EBSOptimized.TestEC2EBSOptimized" name="test_success_default" time="0.037" /><testcase classname="tests.terraform.checks.resource.aws.test_EC2PublicIP.TestEC2PublicIP" name="test" time="0.064" /><testcase classname="tests.terraform.checks.resource.aws.test_EC2PublicIP.TestEC2PublicIP" name="test_for_each_poc" time="0.177" /><testcase classname="tests.terraform.checks.resource.aws.test_ECRImageScanning.TestECRImageScanning" name="test_failure" time="0.037" /><testcase classname="tests.terraform.checks.resource.aws.test_ECRImageScanning.TestECRImageScanning" name="test_success" time="0.038" /><testcase classname="tests.terraform.checks.resource.aws.test_ECRImmutableTags.TestECRImmutableTags" name="test" time="0.080" /><testcase classname="tests.terraform.checks.resource.aws.test_ECRPolicy.TestECRPolicy" name="test" time="0.098" /><testcase classname="tests.terraform.checks.resource.aws.test_ECRRepositoryEncrypted.TestECRRepositoryEncrypted" name="test_failure" time="0.037" /><testcase classname="tests.terraform.checks.resource.aws.test_ECRRepositoryEncrypted.TestECRRepositoryEncrypted" name="test_success" time="0.039" /><testcase classname="tests.terraform.checks.resource.aws.test_ECSClusterContainerInsights.TestECSClusterContainerInsights" name="test_failure" time="0.037" /><testcase classname="tests.terraform.checks.resource.aws.test_ECSClusterContainerInsights.TestECSClusterContainerInsights" name="test_failure_explicit_disable" time="0.001" /><testcase classname="tests.terraform.checks.resource.aws.test_ECSClusterContainerInsights.TestECSClusterContainerInsights" name="test_success" time="0.001" /><testcase classname="tests.terraform.checks.resource.aws.test_ECSClusterContainerInsights.TestECSClusterContainerInsights" name="test_success_enhanced" time="0.039" /><testcase classname="tests.terraform.checks.resource.aws.test_ECSClusterLoggingEnabled.TestECSClusterLoggingEnabled" name="test" time="0.084" /><testcase classname="tests.terraform.checks.resource.aws.test_ECSClusterLoggingEncryptedWithCMK.TestECSClusterLoggingEncryptedWithCMK" name="test" time="0.092" /><testcase classname="tests.terraform.checks.resource.aws.test_ECSContainerHostProcess.TestECSContainerHostProcess" name="test" time="0.092" /><testcase classname="tests.terraform.checks.resource.aws.test_ECSContainerPrivilege.TestECSContainerPrivilege" name="test" time="0.217" /><testcase classname="tests.terraform.checks.resource.aws.test_ECSContainerReadOnlyRoot.TestECSContainerReadOnlyRoot" name="test" time="0.155" /><testcase classname="tests.terraform.checks.resource.aws.test_ECSServiceFargateLatest.TestECSServiceFargateLatest" name="test" time="0.089" /><testcase classname="tests.terraform.checks.resource.aws.test_ECSServicePublicIP.TestECSServicePublicIP" name="test" time="0.087" /><testcase classname="tests.terraform.checks.resource.aws.test_ECSTaskDefinitionEFSVolumeEncryption.TestECSTaskDefinitionEFSVolumeEncryption" name="test_failure" time="0.041" /><testcase classname="tests.terraform.checks.resource.aws.test_ECSTaskDefinitionEFSVolumeEncryption.TestECSTaskDefinitionEFSVolumeEncryption" name="test_failure_explicit" time="0.003" /><testcase classname="tests.terraform.checks.resource.aws.test_ECSTaskDefinitionEFSVolumeEncryption.TestECSTaskDefinitionEFSVolumeEncryption" name="test_success" time="0.002" /><testcase classname="tests.terraform.checks.resource.aws.test_ECSTaskDefinitionEFSVolumeEncryption.TestECSTaskDefinitionEFSVolumeEncryption" name="test_success_no_volume" time="0.040" /><testcase classname="tests.terraform.checks.resource.aws.test_ECSTaskDefinitionRoleCheck.testECSTaskDefinitionRoleCheck" name="test" time="0.083" /><testcase classname="tests.terraform.checks.resource.aws.test_EFSAccessPointRoot.TestEFSAccessPointRoot" name="test" time="0.082" /><testcase classname="tests.terraform.checks.resource.aws.test_EFSAccessUserIdentity.TestEFSAccessUserIdentity" name="test" time="0.083" /><testcase classname="tests.terraform.checks.resource.aws.test_EFSEncryptionEnabled.TestEFSEncryptionEnabled" name="test" time="0.080" /><testcase classname="tests.terraform.checks.resource.aws.test_EFSFileSystemEncryptedWithCMK.TestResourceEncryptedWithCMK" name="test" time="0.078" /><testcase classname="tests.terraform.checks.resource.aws.test_EKSControlPlaneLogging.TestEKSControlPlaneLogging" name="test_failure" time="0.161" /><testcase classname="tests.terraform.checks.resource.aws.test_EKSControlPlaneLogging.TestEKSControlPlaneLogging" name="test_failure_empty" time="0.001" /><testcase classname="tests.terraform.checks.resource.aws.test_EKSControlPlaneLogging.TestEKSControlPlaneLogging" name="test_success" time="0.037" /><testcase classname="tests.terraform.checks.resource.aws.test_EKSNodeGroupRemoteAccess.TestEKSNodeGroupRemoteAccess" name="test_failure" time="0.038" /><testcase classname="tests.terraform.checks.resource.aws.test_EKSNodeGroupRemoteAccess.TestEKSNodeGroupRemoteAccess" name="test_success" time="0.002" /><testcase classname="tests.terraform.checks.resource.aws.test_EKSNodeGroupRemoteAccess.TestEKSNodeGroupRemoteAccess" name="test_success_implicit" time="0.038" /><testcase classname="tests.terraform.checks.resource.aws.test_EKSPlatformVersion.TestEKSPlatformVersion" name="test" time="0.087" /><testcase classname="tests.terraform.checks.resource.aws.test_EKSPublicAccess.TestEKSPublicAccess" name="test" time="0.084" /><testcase classname="tests.terraform.checks.resource.aws.test_EKSPublicAccessCIDR.TestEKSPublicAccessCIDR" name="test" time="0.086" /><testcase classname="tests.terraform.checks.resource.aws.test_EKSSecretsEncryption.TestEKSSecretsEncryption" name="test_failure" time="0.038" /><testcase classname="tests.terraform.checks.resource.aws.test_EKSSecretsEncryption.TestEKSSecretsEncryption" name="test_failure2" time="0.001" /><testcase classname="tests.terraform.checks.resource.aws.test_EKSSecretsEncryption.TestEKSSecretsEncryption" name="test_success" time="0.038" /><testcase classname="tests.terraform.checks.resource.aws.test_ELBAccessLogs.TestELBAccessLogs" name="test_failure_elb_1" time="0.039" /><testcase classname="tests.terraform.checks.resource.aws.test_ELBAccessLogs.TestELBAccessLogs" name="test_failure_elb_2" time="0.002" /><testcase classname="tests.terraform.checks.resource.aws.test_ELBAccessLogs.TestELBAccessLogs" name="test_success_elb_1" time="0.002" /><testcase classname="tests.terraform.checks.resource.aws.test_ELBAccessLogs.TestELBAccessLogs" name="test_success_elb_2" time="0.041" /><testcase classname="tests.terraform.checks.resource.aws.test_ELBCrossZoneEnable.TestELBCrossZoneEnable" name="test_failure" time="0.042" /><testcase classname="tests.terraform.checks.resource.aws.test_ELBCrossZoneEnable.TestELBCrossZoneEnable" name="test_success" time="0.004" /><testcase classname="tests.terraform.checks.resource.aws.test_ELBCrossZoneEnable.TestELBCrossZoneEnable" name="test_success_missing_attribute" time="0.041" /><testcase classname="tests.terraform.checks.resource.aws.test_ELBPolicyUsesSecureProtocols.TestELBPolicyUsesSecureProtocols" name="test" time="0.091" /><testcase classname="tests.terraform.checks.resource.aws.test_ELBUsesSSL.TestELBUsesSSL" name="test_failure_elb_multi_listener" time="0.039" /><testcase classname="tests.terraform.checks.resource.aws.test_ELBUsesSSL.TestELBUsesSSL" name="test_failure_elb_one_listener" time="0.003" /><testcase classname="tests.terraform.checks.resource.aws.test_ELBUsesSSL.TestELBUsesSSL" name="test_success_elb" time="0.164" /><testcase classname="tests.terraform.checks.resource.aws.test_ELBv2AccessLogs.TestELBv2AccessLogs" name="test" time="0.095" /><testcase classname="tests.terraform.checks.resource.aws.test_ELBwListenerNotTLSSSL.TestELBwListenerNotTLSSSL" name="test" time="0.098" /><testcase classname="tests.terraform.checks.resource.aws.test_EMRClusterConfEncryptsEBS.TestEMRClusterConfEncryptsEBS" name="test" time="0.085" /><testcase classname="tests.terraform.checks.resource.aws.test_EMRClusterConfEncryptsInTransit.TestEMRClusterConfEncryptsInTransit" name="test" time="0.086" /><testcase classname="tests.terraform.checks.resource.aws.test_EMRClusterConfEncryptsLocalDisk.TestEMRClusterConfEncryptsLocalDisk" name="test" time="0.084" /><testcase classname="tests.terraform.checks.resource.aws.test_EMRClusterIsEncryptedKMS.TestEMRClusterIsEncryptedKMS" name="test" time="0.082" /><testcase classname="tests.terraform.checks.resource.aws.test_EMRClusterKerberosAttributes.TestEMRClusterKerberosAttributes" name="test_failure" time="0.041" /><testcase classname="tests.terraform.checks.resource.aws.test_EMRClusterKerberosAttributes.TestEMRClusterKerberosAttributes" name="test_skipped_no_kerberos" time="0.004" /><testcase classname="tests.terraform.checks.resource.aws.test_EMRClusterKerberosAttributes.TestEMRClusterKerberosAttributes" name="test_success" time="0.090" /><testcase classname="tests.terraform.checks.resource.aws.test_Ec2TransitGatewayAutoAccept.TestEc2TransitGatewayAutoAccept" name="test" time="0.122" /><testcase classname="tests.terraform.checks.resource.aws.test_ElasticBeanstalkUseEnhancedHealthChecks.TestElasticBeanstalkUseEnhancedHealthChecks" name="test" time="0.144" /><testcase classname="tests.terraform.checks.resource.aws.test_ElasticBeanstalkUseManagedUpdates.TestElasticBeanstalkUseManagedUpdates" name="test" time="0.253" /><testcase classname="tests.terraform.checks.resource.aws.test_ElasticCacheAutomaticBackup.TestElasticCacheAutomaticBackup" name="test" time="0.084" /><testcase classname="tests.terraform.checks.resource.aws.test_ElasticCacheAutomaticMinorUpgrades.TestElasticCacheAutomaticMinorUpgrades" name="test" time="0.084" /><testcase classname="tests.terraform.checks.resource.aws.test_ElasticCacheHasSecurityGroup.TestElasticacheHasSecurityGroup" name="test" time="0.081" /><testcase classname="tests.terraform.checks.resource.aws.test_ElasticacheReplicationGroupEncryptedWithCMK.TestElasticacheReplicationGroupEncryptedWithCMK" name="test" time="0.087" /><testcase classname="tests.terraform.checks.resource.aws.test_ElasticacheReplicationGroupEncryptionAtRest.TestKMSRotation" name="test_failure" time="0.038" /><testcase classname="tests.terraform.checks.resource.aws.test_ElasticacheReplicationGroupEncryptionAtRest.TestKMSRotation" name="test_failure_on_missing_property" time="0.001" /><testcase classname="tests.terraform.checks.resource.aws.test_ElasticacheReplicationGroupEncryptionAtRest.TestKMSRotation" name="test_success" time="0.039" /><testcase classname="tests.terraform.checks.resource.aws.test_ElasticacheReplicationGroupEncryptionAtTransit.TestKMSRotation" name="test_failure" time="0.037" /><testcase classname="tests.terraform.checks.resource.aws.test_ElasticacheReplicationGroupEncryptionAtTransit.TestKMSRotation" name="test_failure_on_missing_property" time="0.001" /><testcase classname="tests.terraform.checks.resource.aws.test_ElasticacheReplicationGroupEncryptionAtTransit.TestKMSRotation" name="test_success" time="0.041" /><testcase classname="tests.terraform.checks.resource.aws.test_ElasticacheReplicationGroupEncryptionAtTransitAuthToken.TestElasticacheReplicationGroupEncryptionAtTransitAuthToken" name="test" time="0.091" /><testcase classname="tests.terraform.checks.resource.aws.test_ElasticsearchDefaultSG.TestElasticsearchDefaultSG" name="test" time="0.090" /><testcase classname="tests.terraform.checks.resource.aws.test_ElasticsearchDomainAuditLogging.TestElasticsearchDomainAuditLogging" name="test" time="0.252" /><testcase classname="tests.terraform.checks.resource.aws.test_ElasticsearchDomainEnforceHTTPS.TestElasticsearchDomainEnforceHTTPS" name="test" time="0.118" /><testcase classname="tests.terraform.checks.resource.aws.test_ElasticsearchDomainHA.TestElasticsearchDomainHA" name="test" time="0.108" /><testcase classname="tests.terraform.checks.resource.aws.test_ElasticsearchDomainLogging.TestElasticsearchDomainLogging" name="test" time="0.099" /><testcase classname="tests.terraform.checks.resource.aws.test_ElasticsearchEncryption.TestElasticsearchEncryption" name="test" time="0.114" /><testcase classname="tests.terraform.checks.resource.aws.test_ElasticsearchEncryptionWithCMK.TestElasticsearchEncryptionWithCMK" name="test" time="0.109" /><testcase classname="tests.terraform.checks.resource.aws.test_ElasticsearchInVPC.TestElasticsearchInVPC" name="test" time="0.098" /><testcase classname="tests.terraform.checks.resource.aws.test_ElasticsearchNodeToNodeEncryption.TestElasticsearchNodeToNodeEncryption" name="test" time="0.101" /><testcase classname="tests.terraform.checks.resource.aws.test_ElasticsearchTLSPolicy.TestElasticsearchTLSPolicy" name="test" time="0.098" /><testcase classname="tests.terraform.checks.resource.aws.test_FSXOntapFSEncryptedWithCMK.TestFSXOntapFSEncryptedWithCMK" name="test" time="0.088" /><testcase classname="tests.terraform.checks.resource.aws.test_FSXOpenZFSFileSystemEncryptedWithCMK.TestFSXOpenZFSFileSystemEncryptedWithCMK" name="test" time="0.233" /><testcase classname="tests.terraform.checks.resource.aws.test_FSXWindowsFSEncryptedWithCMK.TestFSXWindowsFSEncryptedWithCMK" name="test" time="0.084" /><testcase classname="tests.terraform.checks.resource.aws.test_GlacierVaultAnyPrincipal.TestBackupVaultEncrypted" name="test" time="0.090" /><testcase classname="tests.terraform.checks.resource.aws.test_GlobalAcceleratorAcceleratorFlowLogs.TestGlobalAcceleratorAcceleratorFlowLogs" name="test_failure" time="0.038" /><testcase classname="tests.terraform.checks.resource.aws.test_GlobalAcceleratorAcceleratorFlowLogs.TestGlobalAcceleratorAcceleratorFlowLogs" name="test_failure_full" time="0.001" /><testcase classname="tests.terraform.checks.resource.aws.test_GlobalAcceleratorAcceleratorFlowLogs.TestGlobalAcceleratorAcceleratorFlowLogs" name="test_success" time="0.040" /><testcase classname="tests.terraform.checks.resource.aws.test_GlueDataCatalogEncryption.TestGlueDataCatalogEncryption" name="test_failure" time="0.040" /><testcase classname="tests.terraform.checks.resource.aws.test_GlueDataCatalogEncryption.TestGlueDataCatalogEncryption" name="test_success" time="0.041" /><testcase classname="tests.terraform.checks.resource.aws.test_GlueSecurityConfiguration.TestGlueSecurityConfiguration" name="test_failure" time="0.038" /><testcase classname="tests.terraform.checks.resource.aws.test_GlueSecurityConfiguration.TestGlueSecurityConfiguration" name="test_success" time="0.039" /><testcase classname="tests.terraform.checks.resource.aws.test_GlueSecurityConfigurationEnabled.TestGlueSecurityConfigurationEnabled" name="test" time="0.086" /><testcase classname="tests.terraform.checks.resource.aws.test_GuarddutyDetectorEnabled.TestGuarddutyDetectorEnabled" name="test" time="0.083" /><testcase classname="tests.terraform.checks.resource.aws.test_IAMAdminPolicyDocument.TestIAMAdminPolicyDocument" name="test" time="0.088" /><testcase classname="tests.terraform.checks.resource.aws.test_IAMCredentialsExposure.TestIAMCredentialsExposure" name="test" time="0.342" /><testcase classname="tests.terraform.checks.resource.aws.test_IAMDataExfiltration.TestIAMDataExfiltration" name="test" time="0.081" /><testcase classname="tests.terraform.checks.resource.aws.test_IAMManagedAdminPolicy.TestIAMManagedAdminPolicy" name="test" time="0.100" /><testcase classname="tests.terraform.checks.resource.aws.test_IAMPermissionsManagement.TestIAMPermissionsManagement" name="test" time="0.081" /><testcase classname="tests.terraform.checks.resource.aws.test_IAMPolicyAttachedToGroupOrRoles.TestIAMPolicyAttachedToGroupOrRoles" name="test" time="0.098" /><testcase classname="tests.terraform.checks.resource.aws.test_IAMPrivilegeEscalation.TestIAMPolicyAttachedToGroupOrRoles" name="test" time="0.132" /><testcase classname="tests.terraform.checks.resource.aws.test_IAMRoleAllowAssumeFromAccount.TestIAMRoleAllowAssumeFromAccount" name="test" time="0.097" /><testcase classname="tests.terraform.checks.resource.aws.test_IAMRoleAllowsPublicAssume.TestIAMRoleAllowsPublicAssume" name="test_empty_iam_policy" time="0.037" /><testcase classname="tests.terraform.checks.resource.aws.test_IAMRoleAllowsPublicAssume.TestIAMRoleAllowsPublicAssume" name="test_empty_iam_policy_2" time="0.001" /><testcase classname="tests.terraform.checks.resource.aws.test_IAMRoleAllowsPublicAssume.TestIAMRoleAllowsPublicAssume" name="test_failure" time="0.001" /><testcase classname="tests.terraform.checks.resource.aws.test_IAMRoleAllowsPublicAssume.TestIAMRoleAllowsPublicAssume" name="test_failure_array" time="0.001" /><testcase classname="tests.terraform.checks.resource.aws.test_IAMRoleAllowsPublicAssume.TestIAMRoleAllowsPublicAssume" name="test_success" time="0.001" /><testcase classname="tests.terraform.checks.resource.aws.test_IAMRoleAllowsPublicAssume.TestIAMRoleAllowsPublicAssume" name="test_success_deny" time="0.039" /><testcase classname="tests.terraform.checks.resource.aws.test_IAMStarActionPolicyDocument.TestIAMStarActionPolicyDocument" name="test_failure" time="0.037" /><testcase classname="tests.terraform.checks.resource.aws.test_IAMStarActionPolicyDocument.TestIAMStarActionPolicyDocument" name="test_failure_multiple_statements" time="0.001" /><testcase classname="tests.terraform.checks.resource.aws.test_IAMStarActionPolicyDocument.TestIAMStarActionPolicyDocument" name="test_sso_failure" time="0.001" /><testcase classname="tests.terraform.checks.resource.aws.test_IAMStarActionPolicyDocument.TestIAMStarActionPolicyDocument" name="test_sso_success" time="0.001" /><testcase classname="tests.terraform.checks.resource.aws.test_IAMStarActionPolicyDocument.TestIAMStarActionPolicyDocument" name="test_success" time="0.001" /><testcase classname="tests.terraform.checks.resource.aws.test_IAMStarActionPolicyDocument.TestIAMStarActionPolicyDocument" name="test_success_service_star" time="0.038" /><testcase classname="tests.terraform.checks.resource.aws.test_IAMStarResourcePolicyDocument.TestIAMStarResourcePolicyDocument" name="test" time="0.108" /><testcase classname="tests.terraform.checks.resource.aws.test_IAMUserNotUsedForAccess.TestIAMUserNotUsedForAccess" name="test" time="0.205" /><testcase classname="tests.terraform.checks.resource.aws.test_IAMUserRootAccessKeys.TestIAMUserRootAccessKeys" name="test" time="0.080" /><testcase classname="tests.terraform.checks.resource.aws.test_IAMWriteAccess.TestIAMWriteAccess" name="test" time="0.082" /><testcase classname="tests.terraform.checks.resource.aws.test_IMDSv1Disabled.TestIMDSv1Disabled" name="test" time="0.085" /><testcase classname="tests.terraform.checks.resource.aws.test_ImagebuilderComponentEncryptedWithCMK.TestImagebuilderComponentEncryptedWithCMK" name="test" time="0.084" /><testcase classname="tests.terraform.checks.resource.aws.test_ImagebuilderDistributionConfigurationEncryptedWithCMK.TestImagebuilderDistributionConfigurationEncryptedWithCMK" name="test" time="0.088" /><testcase classname="tests.terraform.checks.resource.aws.test_ImagebuilderImageRecipeEBSEncrypted.TestImagebuilderImageRecipeEBSEncrypted" name="test" time="0.124" /><testcase classname="tests.terraform.checks.resource.aws.test_KMSKeyIsEnabled.TestKMSKeyIsEnabled" name="test" time="0.094" /><testcase classname="tests.terraform.checks.resource.aws.test_KMSKeyWildcardPrincipal.TestKMSKeyWildcardPrincipal" name="test" time="0.091" /><testcase classname="tests.terraform.checks.resource.aws.test_KMSRotation.TestKMSRotation" name="test" time="0.235" /><testcase classname="tests.terraform.checks.resource.aws.test_KendraIndexSSEUsesCMK.TestKendraIndexSSEUsesCMK" name="test" time="0.082" /><testcase classname="tests.terraform.checks.resource.aws.test_KeyspacesTableUsesCMK.TestKeyspacesTableUsesCMK" name="test" time="0.091" /><testcase classname="tests.terraform.checks.resource.aws.test_KinesisFirehoseDeliveryStreamSSE.TestKinesisFirehoseDeliveryStreamSSE" name="test" time="0.093" /><testcase classname="tests.terraform.checks.resource.aws.test_KinesisFirehoseDeliveryStreamUsesCMK.TestKinesisFirehoseDeliveryStreamUsesCMK" name="test" time="0.104" /><testcase classname="tests.terraform.checks.resource.aws.test_KinesisStreamEncryptedWithCMK.TestKinesisStreamEncryptedWithCMK" name="test" time="0.080" /><testcase classname="tests.terraform.checks.resource.aws.test_KinesisStreamEncryptionType.TestKinesisStreamEncryptionType" name="test" time="0.083" /><testcase classname="tests.terraform.checks.resource.aws.test_KinesisVideoEncryptedWithCMK.TestKinesisVideoEncryptedWithCMK" name="test" time="0.081" /><testcase classname="tests.terraform.checks.resource.aws.test_LBCrossZone.TestLBCrossZone" name="test" time="0.090" /><testcase classname="tests.terraform.checks.resource.aws.test_LBDeletionProtection.TestLBDeletionProtection" name="test" time="0.085" /><testcase classname="tests.terraform.checks.resource.aws.test_LBTargetGroupDefinesHealthCheck.TestLBTargetGroupDefinesHealthcheck" name="test" time="0.233" /><testcase classname="tests.terraform.checks.resource.aws.test_LambdaCodeSigningConfigured.TestWafHasAnyRules" name="test" time="0.081" /><testcase classname="tests.terraform.checks.resource.aws.test_LambdaDLQConfigured.TestLambdaDLQConfigured" name="test_failure" time="0.038" /><testcase classname="tests.terraform.checks.resource.aws.test_LambdaDLQConfigured.TestLambdaDLQConfigured" name="test_success" time="0.038" /><testcase classname="tests.terraform.checks.resource.aws.test_LambdaEnvironmentCredentials.TestLambdaEnvironmentCredentials" name="test" time="0.081" /><testcase classname="tests.terraform.checks.resource.aws.test_LambdaEnvironmentEncryptionSettings.TestLambdaEnvironmentEncryptionSettings" name="test" time="0.099" /><testcase classname="tests.terraform.checks.resource.aws.test_LambdaFunctionIsNotPublic.TestLambdaFunctionIsNotPublic" name="test" time="0.082" /><testcase classname="tests.terraform.checks.resource.aws.test_LambdaFunctionLevelConcurrentExecutionLimit.TestLambdaFunctionLevelConcurrentExecutionLimit" name="test_failure1" time="0.037" /><testcase classname="tests.terraform.checks.resource.aws.test_LambdaFunctionLevelConcurrentExecutionLimit.TestLambdaFunctionLevelConcurrentExecutionLimit" name="test_failure2" time="0.003" /><testcase classname="tests.terraform.checks.resource.aws.test_LambdaFunctionLevelConcurrentExecutionLimit.TestLambdaFunctionLevelConcurrentExecutionLimit" name="test_success1" time="0.002" /><testcase classname="tests.terraform.checks.resource.aws.test_LambdaFunctionLevelConcurrentExecutionLimit.TestLambdaFunctionLevelConcurrentExecutionLimit" name="test_success2" time="0.040" /><testcase classname="tests.terraform.checks.resource.aws.test_LambdaFunctionURLAuth.TestLambdaFunctionURLAuth" name="test" time="0.080" /><testcase classname="tests.terraform.checks.resource.aws.test_LambdaInVPC.TestLambdaInVPC" name="test_failure" time="0.039" /><testcase classname="tests.terraform.checks.resource.aws.test_LambdaInVPC.TestLambdaInVPC" name="test_success" time="0.040" /><testcase classname="tests.terraform.checks.resource.aws.test_LambdaServicePermission.TestLambdaServicePermission" name="test" time="0.211" /><testcase classname="tests.terraform.checks.resource.aws.test_LambdaXrayEnabled.TestLambdaXrayEnabled" name="test" time="0.081" /><testcase classname="tests.terraform.checks.resource.aws.test_LaunchConfigurationEBSEncryption.TestLaunchConfigurationEBSEncryption" name="test" time="0.113" /><testcase classname="tests.terraform.checks.resource.aws.test_LaunchTemplateMetadataHop.TestLaunchTemplateMetadataHop" name="test" time="0.111" /><testcase classname="tests.terraform.checks.resource.aws.test_LustreFSEncryptedWithCMK.TestLustreFSEncryptedWithCMK" name="test" time="0.089" /><testcase classname="tests.terraform.checks.resource.aws.test_MQBrokerAuditLogging.TestMQBrokerAuditLogging" name="test" time="0.126" /><testcase classname="tests.terraform.checks.resource.aws.test_MQBrokerEncryptedWithCMK.TestMQBrokerEncryptedWithCMK" name="test" time="0.099" /><testcase classname="tests.terraform.checks.resource.aws.test_MQBrokerLogging.TestMQBrokerLogging" name="test" time="0.091" /><testcase classname="tests.terraform.checks.resource.aws.test_MQBrokerMinorAutoUpgrade.TestMQBrokerLogging" name="test" time="0.091" /><testcase classname="tests.terraform.checks.resource.aws.test_MQBrokerNotPubliclyExposed.TestMQBrokerNotPubliclyExposed" name="test_failure_mqbroker_logging" time="0.038" /><testcase classname="tests.terraform.checks.resource.aws.test_MQBrokerNotPubliclyExposed.TestMQBrokerNotPubliclyExposed" name="test_success_missing_mqbroker_logging" time="0.002" /><testcase classname="tests.terraform.checks.resource.aws.test_MQBrokerNotPubliclyExposed.TestMQBrokerNotPubliclyExposed" name="test_success_mqbroker_logging" time="0.039" /><testcase classname="tests.terraform.checks.resource.aws.test_MQBrokerVersion.TestMQBrokerVersion" name="test" time="0.215" /><testcase classname="tests.terraform.checks.resource.aws.test_MSKClusterEncryption.TestMSKClusterEncryption" name="test_failure" time="0.037" /><testcase classname="tests.terraform.checks.resource.aws.test_MSKClusterEncryption.TestMSKClusterEncryption" name="test_failure_in_cluster" time="0.001" /><testcase classname="tests.terraform.checks.resource.aws.test_MSKClusterEncryption.TestMSKClusterEncryption" name="test_failure_non_tls" time="0.001" /><testcase classname="tests.terraform.checks.resource.aws.test_MSKClusterEncryption.TestMSKClusterEncryption" name="test_success" time="0.001" /><testcase classname="tests.terraform.checks.resource.aws.test_MSKClusterEncryption.TestMSKClusterEncryption" name="test_success_encryption_in_transit_and_no_encryption_at_rest_kms_key_arn_specified" time="0.001" /><testcase classname="tests.terraform.checks.resource.aws.test_MSKClusterEncryption.TestMSKClusterEncryption" name="test_success_no_encrypt_block" time="0.001" /><testcase classname="tests.terraform.checks.resource.aws.test_MSKClusterEncryption.TestMSKClusterEncryption" name="test_success_no_encryption_at_rest_kms_key_arn_specified" time="0.038" /><testcase classname="tests.terraform.checks.resource.aws.test_MSKClusterLogging.TestMSKClusterLogging" name="test_failure" time="0.037" /><testcase classname="tests.terraform.checks.resource.aws.test_MSKClusterLogging.TestMSKClusterLogging" name="test_failure_empty" time="0.001" /><testcase classname="tests.terraform.checks.resource.aws.test_MSKClusterLogging.TestMSKClusterLogging" name="test_failure_none" time="0.001" /><testcase classname="tests.terraform.checks.resource.aws.test_MSKClusterLogging.TestMSKClusterLogging" name="test_success" time="0.001" /><testcase classname="tests.terraform.checks.resource.aws.test_MSKClusterLogging.TestMSKClusterLogging" name="test_success_all" time="0.001" /><testcase classname="tests.terraform.checks.resource.aws.test_MSKClusterLogging.TestMSKClusterLogging" name="test_success_mixed" time="0.037" /><testcase classname="tests.terraform.checks.resource.aws.test_MSKClusterNodesArePrivate.TestMSKClusterNodesArePrivate" name="test" time="0.095" /><testcase classname="tests.terraform.checks.resource.aws.test_MWAASchedulerLogsEnabled.TestMWAASchedulerLogsEnabled" name="test" time="0.088" /><testcase classname="tests.terraform.checks.resource.aws.test_MWAAWebserverLogsEnabled.TestMWAAWebserverLogsEnabled" name="test" time="0.086" /><testcase classname="tests.terraform.checks.resource.aws.test_MWAAWorkerLogsEnabled.TestMWAAWorkerLogsEnabled" name="test" time="0.084" /><testcase classname="tests.terraform.checks.resource.aws.test_MemoryDBClusterIntransitEncryption.TestMemoryDBClusterIntransitEncryption" name="test" time="0.083" /><testcase classname="tests.terraform.checks.resource.aws.test_MemoryDBEncryptionWithCMK.TestMemoryDBEncryptionWithCMK" name="test" time="0.084" /><testcase classname="tests.terraform.checks.resource.aws.test_MemoryDBSnapshotEncryptionWithCMK.TestMemoryDBSnapshotEncryptionWithCMK" name="test" time="0.220" /><testcase classname="tests.terraform.checks.resource.aws.test_NeptuneClusterBackupRetention.TestNeptuneClusterBackupRetention" name="test" time="0.080" /><testcase classname="tests.terraform.checks.resource.aws.test_NeptuneClusterEncryptedWithCMK.TestNeptuneClusterEncryptedWithCMK" name="test" time="0.087" /><testcase classname="tests.terraform.checks.resource.aws.test_NeptuneClusterLogging.TestNeptuneClusterLogging" name="test_failure" time="0.045" /><testcase classname="tests.terraform.checks.resource.aws.test_NeptuneClusterLogging.TestNeptuneClusterLogging" name="test_success" time="0.039" /><testcase classname="tests.terraform.checks.resource.aws.test_NeptuneDBClustersCopyTagsToSnapshots.TestNeptuneDBClustersCopyTagsToSnapshots" name="test" time="0.094" /><testcase classname="tests.terraform.checks.resource.aws.test_NeptuneDBClustersIAMDatabaseAuthenticationEnabled.TestNeptuneDBClustersIAMDatabaseAuthenticationEnabled" name="test" time="0.094" /><testcase classname="tests.terraform.checks.resource.aws.test_NeptuneInstancePublic.TestNeptuneClusterInstancePublic" name="test_failure" time="0.063" /><testcase classname="tests.terraform.checks.resource.aws.test_NeptuneInstancePublic.TestNeptuneClusterInstancePublic" name="test_success" time="0.003" /><testcase classname="tests.terraform.checks.resource.aws.test_NeptuneInstancePublic.TestNeptuneClusterInstancePublic" name="test_success_explicit" time="0.068" /><testcase classname="tests.terraform.checks.resource.aws.test_NeptuneSnapshotEncrypted.TestNeptuneClusterSnapshotEncrypted" name="test" time="0.099" /><testcase classname="tests.terraform.checks.resource.aws.test_NeptuneSnapshotEncryptedWithCMK.TestNeptuneClusterSnapshotEncryptedWithCMK" name="test" time="0.082" /><testcase classname="tests.terraform.checks.resource.aws.test_NeptuneStorageEncrypted.TestNeptuneClusterStorageEncrypted" name="test" time="0.081" /><testcase classname="tests.terraform.checks.resource.aws.test_NetworkACLUnrestricted.TestNetworkACLUnrestricted" name="test" time="0.221" /><testcase classname="tests.terraform.checks.resource.aws.test_NetworkACLUnrestrictedIngress20.TestNetworkACLUnrestrictedIngress20" name="test" time="0.178" /><testcase classname="tests.terraform.checks.resource.aws.test_NetworkACLUnrestrictedIngress21.TestNetworkACLUnrestrictedIngress21" name="test" time="0.126" /><testcase classname="tests.terraform.checks.resource.aws.test_NetworkACLUnrestrictedIngress22.TestNetworkACLUnrestrictedIngress22" name="test" time="0.130" /><testcase classname="tests.terraform.checks.resource.aws.test_NetworkACLUnrestrictedIngress3389.TestNetworkACLUnrestrictedIngress3389" name="test" time="0.132" /><testcase classname="tests.terraform.checks.resource.aws.test_NetworkFirewallDeletionProtection.TestNetworkFirewallDeletionProtection" name="test" time="0.085" /><testcase classname="tests.terraform.checks.resource.aws.test_NetworkFirewallPolicyDefinesCMK.TestNetworkFirewallPolicyDefinesCMK" name="test" time="0.090" /><testcase classname="tests.terraform.checks.resource.aws.test_NetworkFirewallUsesCMK.TestNetworkFirewallUsesCMK" name="test" time="0.095" /><testcase classname="tests.terraform.checks.resource.aws.test_PasswordPolicyExpiration.TestPasswordPolicyExpiration" name="test_failure" time="0.036" /><testcase classname="tests.terraform.checks.resource.aws.test_PasswordPolicyExpiration.TestPasswordPolicyExpiration" name="test_failure_on_missing_property" time="0.001" /><testcase classname="tests.terraform.checks.resource.aws.test_PasswordPolicyExpiration.TestPasswordPolicyExpiration" name="test_success" time="0.168" /><testcase classname="tests.terraform.checks.resource.aws.test_PasswordPolicyLength.TestPasswordPolicyLength" name="test_failure" time="0.037" /><testcase classname="tests.terraform.checks.resource.aws.test_PasswordPolicyLength.TestPasswordPolicyLength" name="test_failure_on_missing_property" time="0.001" /><testcase classname="tests.terraform.checks.resource.aws.test_PasswordPolicyLength.TestPasswordPolicyLength" name="test_success" time="0.038" /><testcase classname="tests.terraform.checks.resource.aws.test_PasswordPolicyLowercaseLetter.TestPasswordPolicLowerCaseLetter" name="test_failure" time="0.037" /><testcase classname="tests.terraform.checks.resource.aws.test_PasswordPolicyLowercaseLetter.TestPasswordPolicLowerCaseLetter" name="test_failure_on_missing_property" time="0.001" /><testcase classname="tests.terraform.checks.resource.aws.test_PasswordPolicyLowercaseLetter.TestPasswordPolicLowerCaseLetter" name="test_success" time="0.037" /><testcase classname="tests.terraform.checks.resource.aws.test_PasswordPolicyNumber.TestPasswordPolicyNumber" name="test_failure" time="0.037" /><testcase classname="tests.terraform.checks.resource.aws.test_PasswordPolicyNumber.TestPasswordPolicyNumber" name="test_failure_on_missing_property" time="0.001" /><testcase classname="tests.terraform.checks.resource.aws.test_PasswordPolicyNumber.TestPasswordPolicyNumber" name="test_success" time="0.037" /><testcase classname="tests.terraform.checks.resource.aws.test_PasswordPolicyReuse.TestPasswordPolicyReuse" name="test_another_test" time="0.037" /><testcase classname="tests.terraform.checks.resource.aws.test_PasswordPolicyReuse.TestPasswordPolicyReuse" name="test_failure" time="0.001" /><testcase classname="tests.terraform.checks.resource.aws.test_PasswordPolicyReuse.TestPasswordPolicyReuse" name="test_failure_on_missing_property" time="0.001" /><testcase classname="tests.terraform.checks.resource.aws.test_PasswordPolicyReuse.TestPasswordPolicyReuse" name="test_success" time="0.038" /><testcase classname="tests.terraform.checks.resource.aws.test_PasswordPolicySymbol.TestPasswordPolicySymbol" name="test_failure" time="0.037" /><testcase classname="tests.terraform.checks.resource.aws.test_PasswordPolicySymbol.TestPasswordPolicySymbol" name="test_failure_on_missing_property" time="0.001" /><testcase classname="tests.terraform.checks.resource.aws.test_PasswordPolicySymbol.TestPasswordPolicySymbol" name="test_success" time="0.038" /><testcase classname="tests.terraform.checks.resource.aws.test_PasswordPolicyUppercaseLetter.TestPasswordPolicyUpperCaseLetter" name="test_failure" time="0.038" /><testcase classname="tests.terraform.checks.resource.aws.test_PasswordPolicyUppercaseLetter.TestPasswordPolicyUpperCaseLetter" name="test_failure_on_missing_property" time="0.001" /><testcase classname="tests.terraform.checks.resource.aws.test_PasswordPolicyUppercaseLetter.TestPasswordPolicyUpperCaseLetter" name="test_success" time="0.036" /><testcase classname="tests.terraform.checks.resource.aws.test_QLDBLedgerDeletionProtection.TestQLDBLedgerDeletionProtection" name="test" time="0.080" /><testcase classname="tests.terraform.checks.resource.aws.test_QLDBLedgerPermissionsMode.TestQLDBLedgerPermissionsMode" name="test" time="0.079" /><testcase classname="tests.terraform.checks.resource.aws.test_RDSCACertIsRecent.TestRDSCACertIsRecent" name="test" time="0.085" /><testcase classname="tests.terraform.checks.resource.aws.test_RDSClusterActivityStreamEncryptedWithCMK.TestRDSClusterActivityStreamEncryptedWithCMK" name="test" time="0.207" /><testcase classname="tests.terraform.checks.resource.aws.test_RDSClusterAuditLogging.TestRDSClusterAuditLogging" name="test" time="0.083" /><testcase classname="tests.terraform.checks.resource.aws.test_RDSClusterAuroraBacktrack.TestRDSClusterAuroraBacktrack" name="test" time="0.087" /><testcase classname="tests.terraform.checks.resource.aws.test_RDSClusterCopyTags.TestRDSClusterCopyTags" name="test" time="0.083" /><testcase classname="tests.terraform.checks.resource.aws.test_RDSClusterEncrypted.TestRDSClusterEncrypted" name="test_failure" time="0.037" /><testcase classname="tests.terraform.checks.resource.aws.test_RDSClusterEncrypted.TestRDSClusterEncrypted" name="test_failure_explicit" time="0.001" /><testcase classname="tests.terraform.checks.resource.aws.test_RDSClusterEncrypted.TestRDSClusterEncrypted" name="test_success" time="0.001" /><testcase classname="tests.terraform.checks.resource.aws.test_RDSClusterEncrypted.TestRDSClusterEncrypted" name="test_success_with_source_db_cluster_identifier" time="0.039" /><testcase classname="tests.terraform.checks.resource.aws.test_RDSClusterEncryptedWithCMK.TestRDSClusterEncryptedWithCMK" name="test" time="0.080" /><testcase classname="tests.terraform.checks.resource.aws.test_RDSClusterIAMAuthentication.TestRDSClusterIAMAuthentication" name="test" time="0.082" /><testcase classname="tests.terraform.checks.resource.aws.test_RDSClusterLogging.TestRDSClusterLogging" name="test" time="0.081" /><testcase classname="tests.terraform.checks.resource.aws.test_RDSClusterSnapshotEncrypted.TestRDSClusterSnapshotEncrypted" name="test_failure" time="0.038" /><testcase classname="tests.terraform.checks.resource.aws.test_RDSClusterSnapshotEncrypted.TestRDSClusterSnapshotEncrypted" name="test_failure2" time="0.001" /><testcase classname="tests.terraform.checks.resource.aws.test_RDSClusterSnapshotEncrypted.TestRDSClusterSnapshotEncrypted" name="test_success2" time="0.039" /><testcase classname="tests.terraform.checks.resource.aws.test_RDSDeletionProtection.TestRDSDeletionProtection" name="test_failure" time="0.037" /><testcase classname="tests.terraform.checks.resource.aws.test_RDSDeletionProtection.TestRDSDeletionProtection" name="test_failure_missing_attribute" time="0.002" /><testcase classname="tests.terraform.checks.resource.aws.test_RDSDeletionProtection.TestRDSDeletionProtection" name="test_success" time="0.170" /><testcase classname="tests.terraform.checks.resource.aws.test_RDSEncryption.TestRDSEncryption" name="test" time="0.080" /><testcase classname="tests.terraform.checks.resource.aws.test_RDSEnhancedMonitorEnabled.TestRDSEnhancedMonitorEnabled" name="test_failure1" time="0.038" /><testcase classname="tests.terraform.checks.resource.aws.test_RDSEnhancedMonitorEnabled.TestRDSEnhancedMonitorEnabled" name="test_failure2" time="0.002" /><testcase classname="tests.terraform.checks.resource.aws.test_RDSEnhancedMonitorEnabled.TestRDSEnhancedMonitorEnabled" name="test_failure3" time="0.002" /><testcase classname="tests.terraform.checks.resource.aws.test_RDSEnhancedMonitorEnabled.TestRDSEnhancedMonitorEnabled" name="test_success1" time="0.002" /><testcase classname="tests.terraform.checks.resource.aws.test_RDSEnhancedMonitorEnabled.TestRDSEnhancedMonitorEnabled" name="test_success2" time="0.039" /><testcase classname="tests.terraform.checks.resource.aws.test_RDSHasSecurityGroup.TestRDSHasSecurityGroup" name="test" time="0.077" /><testcase classname="tests.terraform.checks.resource.aws.test_RDSIAMAuthentication.TestRDSIAMAuthentication" name="test" time="0.086" /><testcase classname="tests.terraform.checks.resource.aws.test_RDSInstanceAutoBackupEncryptionWithCMK.TestRDSInstanceAutoBackupEncryptionWithCMK" name="test" time="0.079" /><testcase classname="tests.terraform.checks.resource.aws.test_RDSInstanceDeletionProtection.TestRDSInstanceDeletionProtection" name="test" time="0.082" /><testcase classname="tests.terraform.checks.resource.aws.test_RDSInstancePerfInsightsEncryptionWithCMK.TestRDSInstancePerfInsightsEncryptionWithCMK" name="test" time="0.088" /><testcase classname="tests.terraform.checks.resource.aws.test_RDSInstancePerformanceInsights.TestRDSInstancePerformanceInsights" name="test" time="0.095" /><testcase classname="tests.terraform.checks.resource.aws.test_RDSMultiAZEnabled.TestRDSMultiAZEnabled" name="test" time="0.081" /><testcase classname="tests.terraform.checks.resource.aws.test_RDSPostgreSQLLogFDWExtension.TestRDSPostgreSQLLogFDWExtension" name="test" time="0.215" /><testcase classname="tests.terraform.checks.resource.aws.test_RDSPubliclyAccessible.TestRDSPubliclyAccessible" name="test_failure" time="0.037" /><testcase classname="tests.terraform.checks.resource.aws.test_RDSPubliclyAccessible.TestRDSPubliclyAccessible" name="test_success" time="0.001" /><testcase classname="tests.terraform.checks.resource.aws.test_RDSPubliclyAccessible.TestRDSPubliclyAccessible" name="test_success2" time="0.039" /><testcase classname="tests.terraform.checks.resource.aws.test_RedShiftSSL.TestRedShiftSSL" name="test" time="0.085" /><testcase classname="tests.terraform.checks.resource.aws.test_RedshiftClusterAllowVersionUpgrade.TestRedshiftClusterAllowVersionUpgrade" name="test_failure" time="0.038" /><testcase classname="tests.terraform.checks.resource.aws.test_RedshiftClusterAllowVersionUpgrade.TestRedshiftClusterAllowVersionUpgrade" name="test_success" time="0.002" /><testcase classname="tests.terraform.checks.resource.aws.test_RedshiftClusterAllowVersionUpgrade.TestRedshiftClusterAllowVersionUpgrade" name="test_success_missing_attribute" time="0.037" /><testcase classname="tests.terraform.checks.resource.aws.test_RedshiftClusterAutoSnap.TestRedshiftClusterAutoSnap" name="test" time="0.091" /><testcase classname="tests.terraform.checks.resource.aws.test_RedshiftClusterDatabaseName.TestRedshiftClusterDatabaseName" name="test" time="0.086" /><testcase classname="tests.terraform.checks.resource.aws.test_RedshiftClusterEncryption.TestRedshiftClusterEncryption" name="test_failure" time="0.037" /><testcase classname="tests.terraform.checks.resource.aws.test_RedshiftClusterEncryption.TestRedshiftClusterEncryption" name="test_success" time="0.039" /><testcase classname="tests.terraform.checks.resource.aws.test_RedshiftClusterKMSKey.TestRedshiftClusterKMSKey" name="test_failure" time="0.037" /><testcase classname="tests.terraform.checks.resource.aws.test_RedshiftClusterKMSKey.TestRedshiftClusterKMSKey" name="test_success" time="0.040" /><testcase classname="tests.terraform.checks.resource.aws.test_RedshiftClus
[...]

    def test_load_terraform_registry_with_real_download(tmp_path: Path):
        # given
        current_dir = str(tmp_path / "tf_download")
        registry = ModuleLoaderRegistry(download_external_modules=True, external_modules_folder_name=DEFAULT_EXTERNAL_MODULES_DIR)
        registry.module_content_cache = {}
        registry.root_dir = current_dir
    
        source = "terraform-aws-modules/security-group/aws"
    
        # when
        content = registry.load(current_dir=current_dir, source=source, source_version="~&gt; 3.0")
    
        expected_content_path = os.path.join(
            current_dir,
            DEFAULT_EXTERNAL_MODULES_DIR,
            "github.com/terraform-aws-modules/terraform-aws-security-group",
        )
    
&gt;       assert content.loaded()
E       assert False
E        +  where False = loaded()
E        +    where loaded = .loaded

tests\terraform\module_loading\test_registry.py:484: AssertionError</failure></testcase><testcase classname="tests.terraform.module_loading.test_registry" name="test_load_terraform_registry_check_cache" time="4.915" /><testcase classname="tests.terraform.module_loading.test_registry" name="test_loader_equality" time="0.001" /><testcase classname="tests.terraform.module_loading.test_registry" name="test_multiple_similar_loaders" time="0.037" /><testcase classname="tests.terraform.module_loading.test_runner" name="test_runner_with_tf_managed_modules" time="0.120" /><testcase classname="tests.terraform.module_loading.test_runner" name="test_runner_without_tf_managed_modules" time="0.061" /><testcase classname="tests.terraform.module_loading.test_tf_module_finder.TestModuleFinder" name="test_downloader" time="0.468" /><testcase classname="tests.terraform.module_loading.test_tf_module_finder.TestModuleFinder" name="test_module_finder" time="0.001" /><testcase classname="tests.terraform.module_loading.test_tf_module_finder.TestModuleFinder" name="test_module_finder_ignore_comments" time="0.001" /><testcase classname="tests.terraform.module_loading.test_tf_module_finder" name="test_tf_managed_and_comment_out_modules" time="0.040" /><testcase classname="tests.terraform.parser.test_hcl2_load_assumptions.TestHCL2LoadAssumptions" name="test_inner_quoting" time="0.039" /><testcase classname="tests.terraform.parser.test_hcl2_load_assumptions.TestHCL2LoadAssumptions" name="test_map_separators" time="0.001" /><testcase classname="tests.terraform.parser.test_hcl2_load_assumptions.TestHCL2LoadAssumptions" name="test_math" time="0.001" /><testcase classname="tests.terraform.parser.test_hcl2_load_assumptions.TestHCL2LoadAssumptions" name="test_maze_of_variables" time="0.002" /><testcase classname="tests.terraform.parser.test_hcl2_load_assumptions.TestHCL2LoadAssumptions" name="test_merge_with_inner_var" time="0.001" /><testcase classname="tests.terraform.parser.test_hcl2_load_assumptions.TestHCL2LoadAssumptions" name="test_module_block" time="0.001" /><testcase classname="tests.terraform.parser.test_hcl2_load_assumptions.TestHCL2LoadAssumptions" name="test_multiline_function" time="0.001" /><testcase classname="tests.terraform.parser.test_hcl2_load_assumptions.TestHCL2LoadAssumptions" name="test_raw_assignment" time="0.001" /><testcase classname="tests.terraform.parser.test_hcl2_load_assumptions.TestHCL2LoadAssumptions" name="test_raw_assignment_0_string" time="0.001" /><testcase classname="tests.terraform.parser.test_hcl2_load_assumptions.TestHCL2LoadAssumptions" name="test_raw_assignment_1_string" time="0.001" /><testcase classname="tests.terraform.parser.test_hcl2_load_assumptions.TestHCL2LoadAssumptions" name="test_raw_assignment_false_string" time="0.001" /><testcase classname="tests.terraform.parser.test_hcl2_load_assumptions.TestHCL2LoadAssumptions" name="test_raw_assignment_true_string" time="0.001" /><testcase classname="tests.terraform.parser.test_hcl2_load_assumptions.TestHCL2LoadAssumptions" name="test_splat_expression" time="0.001" /><testcase classname="tests.terraform.parser.test_hcl2_load_assumptions.TestHCL2LoadAssumptions" name="test_string_with_quotes" time="0.001" /><testcase classname="tests.terraform.parser.test_hcl2_load_assumptions.TestHCL2LoadAssumptions" name="test_ternary" time="0.001" /><testcase classname="tests.terraform.parser.test_hcl2_load_assumptions.TestHCL2LoadAssumptions" name="test_tfvars" time="0.001" /><testcase classname="tests.terraform.parser.test_hcl2_load_assumptions.TestHCL2LoadAssumptions" name="test_variable_block" time="0.001" /><testcase classname="tests.terraform.parser.test_hcl2_load_assumptions.TestHCL2LoadAssumptions" name="test_weird_ternary_string_clipping" time="0.040" /><testcase classname="tests.terraform.parser.test_module.ModuleTest" name="test_module_double_slash_cleanup" time="0.040" /><testcase classname="tests.terraform.parser.test_module.ModuleTest" name="test_module_double_slash_cleanup_string" time="0.003" /><testcase classname="tests.terraform.parser.test_module.ModuleTest" name="test_module_with_resource_type_attribute" time="0.002" /><testcase classname="tests.terraform.parser.test_module.ModuleTest" name="test_parse_hcl_module_serialize_definitions" time="0.048" /><testcase classname="tests.terraform.parser.test_new_parser_modules.TestParserInternals" name="test_backtrack_module" time="0.043" /><testcase classname="tests.terraform.parser.test_new_parser_modules.TestParserInternals" name="test_invalid_module_sources_new_parser" time="0.301" /><testcase classname="tests.terraform.parser.test_new_parser_modules.TestParserInternals" name="test_load_inner_registry_module_new_parser" time="3.074"><failure message="AssertionError: 11 != 1">self = &lt;tests.terraform.parser.test_new_parser_modules.TestParserInternals testMethod=test_load_inner_registry_module_new_parser&gt;

    def test_load_inner_registry_module_new_parser(self):
        parser = TFParser()
        directory = os.path.join(self.resources_dir, "registry_security_group_inner_module")
        self.external_module_path = os.path.join(self.tmp_path, DEFAULT_EXTERNAL_MODULES_DIR)
        out_definitions = parser.parse_directory(
            directory=directory,
            out_evaluations_context={},
            download_external_modules=True,
            external_modules_download_path=self.external_module_path)
&gt;       self.assertEqual(11, len(list(out_definitions.keys())))
E       AssertionError: 11 != 1

tests\terraform\parser\test_new_parser_modules.py:49: AssertionError</failure></testcase><testcase classname="tests.terraform.parser.test_new_parser_modules.TestParserInternals" name="test_load_local_module_new_parser" time="0.009"><failure message="assert tf_source_modules:{&quot;path&quot;: &quot;C:\\Users\\domar\\Desktop\\MT_repos\\checkov\\tests\\terraform\\parser\\resources\\local_m...: null}, file_path:C:\Users\domar\Desktop\MT_repos\checkov\tests\terraform\parser\resources\local_module\module/main.tf in {tf_source_modules:None, file_path:C:\Users\domar\Desktop\MT_repos\checkov\tests\terraform\parser\resources\local_modu...'versioning': [...]}}}], 'variable': [{'versioning': {'__end_line__': 11, '__start_line__': 9, 'type': ['${bool}']}}]}}">self = &lt;tests.terraform.parser.test_new_parser_modules.TestParserInternals testMethod=test_load_local_module_new_parser&gt;

    def test_load_local_module_new_parser(self):
        parser = TFParser()
        directory = os.path.join(self.resources_dir, "local_module")
        out_definitions = parser.parse_directory(directory=directory, out_evaluations_context={})
    
        self.assertEqual(len(out_definitions), 3)
        self.assertEqual(len(parser.loaded_files_map), 2)
    
        local_module_path = os.path.join(directory, 'main.tf')
        module_path = os.path.join(directory, "module/main.tf")
        main_key = TFDefinitionKey(file_path=local_module_path)
        key_idx_0 = TFDefinitionKey(file_path=module_path, tf_source_modules=TFModule(path=local_module_path, name='mod'))
        key_idx_1 = TFDefinitionKey(file_path=module_path, tf_source_modules=TFModule(path=local_module_path, name='mod2'))
    
        assert main_key in out_definitions
&gt;       assert key_idx_0 in out_definitions
E       assert tf_source_modules:{"path": "C:\\Users\\domar\\Desktop\\MT_repos\\checkov\\tests\\terraform\\parser\\resources\\local_m...: null}, file_path:C:\Users\domar\Desktop\MT_repos\checkov\tests\terraform\parser\resources\local_module\module/main.tf in {tf_source_modules:None, file_path:C:\Users\domar\Desktop\MT_repos\checkov\tests\terraform\parser\resources\local_modu...'versioning': [...]}}}], 'variable': [{'versioning': {'__end_line__': 11, '__start_line__': 9, 'type': ['${bool}']}}]}}

tests\terraform\parser\test_new_parser_modules.py:107: AssertionError</failure></testcase><testcase classname="tests.terraform.parser.test_new_parser_modules.TestParserInternals" name="test_load_nested_dup_module" time="0.012"><failure message="assert tf_source_modules:{&quot;path&quot;: &quot;C:\\Users\\domar\\Desktop\\MT_repos\\checkov\\tests\\terraform\\parser\\resources\\parser_...l}, file_path:C:\Users\domar\Desktop\MT_repos\checkov\tests\terraform\parser\resources\parser_dup_nested\module/main.tf in {tf_source_modules:None, file_path:C:\Users\domar\Desktop\MT_repos\checkov\tests\terraform\parser\resources\parser_dup...y': [...], ...}}}], 'variable': [{'bucket2': {'__end_line__': 16, '__start_line__': 14, 'type': ['${string}']}}]}, ...}">self = &lt;tests.terraform.parser.test_new_parser_modules.TestParserInternals testMethod=test_load_nested_dup_module&gt;

    def test_load_nested_dup_module(self):
        parser = TFParser()
        directory = os.path.join(self.resources_dir, "parser_dup_nested")
        o_definitions = parser.parse_directory(directory=directory, out_evaluations_context={})
    
        self.assertEqual(len(o_definitions), 7)
        self.assertEqual(len(parser.loaded_files_map), 3)
    
        main_module_path = os.path.join(directory, 'main.tf')
        module1_path = os.path.join(directory, 'module/main.tf')
        module2_path = os.path.join(directory, 'module/module2/main.tf')
    
        main_module = TFDefinitionKey(file_path=main_module_path)
        module1_key0 = TFDefinitionKey(file_path=module1_path, tf_source_modules=TFModule(path=main_module_path, name='s3_module'))
        module1_key1 = TFDefinitionKey(file_path=module1_path, tf_source_modules=TFModule(path=main_module_path, name='s3_module2'))
        module2_key0_nest0 = TFDefinitionKey(file_path=module2_path, tf_source_modules=TFModule(path=module1_path, name='inner_s3_module', nested_tf_module=TFModule(path=main_module_path, name='s3_module')))
        module2_key1_nest0 = TFDefinitionKey(file_path=module2_path, tf_source_modules=TFModule(path=module1_path, name='inner_s3_module2', nested_tf_module=TFModule(path=main_module_path, name='s3_module')))
        module2_key0_nest1 = TFDefinitionKey(file_path=module2_path, tf_source_modules=TFModule(path=module1_path, name='inner_s3_module', nested_tf_module=TFModule(path=main_module_path, name='s3_module2')))
        module2_key1_nest1 = TFDefinitionKey(file_path=module2_path, tf_source_modules=TFModule(path=module1_path, name='inner_s3_module2', nested_tf_module=TFModule(path=main_module_path, name='s3_module2')))
    
        assert main_module in o_definitions
&gt;       assert module1_key0 in o_definitions
E       assert tf_source_modules:{"path": "C:\\Users\\domar\\Desktop\\MT_repos\\checkov\\tests\\terraform\\parser\\resources\\parser_...l}, file_path:C:\Users\domar\Desktop\MT_repos\checkov\tests\terraform\parser\resources\parser_dup_nested\module/main.tf in {tf_source_modules:None, file_path:C:\Users\domar\Desktop\MT_repos\checkov\tests\terraform\parser\resources\parser_dup...y': [...], ...}}}], 'variable': [{'bucket2': {'__end_line__': 16, '__start_line__': 14, 'type': ['${string}']}}]}, ...}

tests\terraform\parser\test_new_parser_modules.py:177: AssertionError</failure></testcase><testcase classname="tests.terraform.parser.test_new_parser_modules.TestParserInternals" name="test_load_nested_module_new_parser" time="0.011"><failure message="assert tf_source_modules:{&quot;path&quot;: &quot;C:\\Users\\domar\\Desktop\\MT_repos\\checkov\\tests\\terraform\\parser\\resources\\parser_...file_path:C:\Users\domar\Desktop\MT_repos\checkov\tests\terraform\parser\resources\parser_nested_modules\module/main.tf in {tf_source_modules:None, file_path:C:\Users\domar\Desktop\MT_repos\checkov\tests\terraform\parser\resources\parser_nes...module2\variable.tf: {'variable': [{'bucket2': {'__end_line__': 3, '__start_line__': 1, 'type': ['${string}']}}]}, ...}">self = &lt;tests.terraform.parser.test_new_parser_modules.TestParserInternals testMethod=test_load_nested_module_new_parser&gt;

    def test_load_nested_module_new_parser(self):
        parser = TFParser()
        directory = os.path.join(self.resources_dir, "parser_nested_modules")
        o_definitions = parser.parse_directory(directory=directory, out_evaluations_context={})
    
        self.assertEqual(len(o_definitions), 5)
        self.assertEqual(len(parser.loaded_files_map), 5)
    
        main_module_path = os.path.join(directory, 'main.tf')
        module2_main_path = os.path.join(directory, 'module/module2/main.tf')
        module2_var_path = os.path.join(directory, 'module/module2/variable.tf')
        module1_main_path = os.path.join(directory, 'module/main.tf')
        module1_var_path = os.path.join(directory, 'module/variable.tf')
    
        main_module = TFDefinitionKey(file_path=main_module_path)
        module_main_key = TFDefinitionKey(file_path=module1_main_path, tf_source_modules=TFModule(path=main_module_path, name='s3_module'))
        module_var_key = TFDefinitionKey(file_path=module1_var_path, tf_source_modules=TFModule(path=main_module_path, name='s3_module'))
        module2_main_key = TFDefinitionKey(file_path=module2_main_path, tf_source_modules=TFModule(path=module1_main_path, name='inner_s3_module', nested_tf_module=TFModule(path=main_module_path, name='s3_module')))
        module2_var_key = TFDefinitionKey(file_path=module2_var_path, tf_source_modules=TFModule(path=module1_main_path, name='inner_s3_module', nested_tf_module=TFModule(path=main_module_path, name='s3_module')))
    
        assert main_module in o_definitions
&gt;       assert module_main_key in o_definitions
E       assert tf_source_modules:{"path": "C:\\Users\\domar\\Desktop\\MT_repos\\checkov\\tests\\terraform\\parser\\resources\\parser_...file_path:C:\Users\domar\Desktop\MT_repos\checkov\tests\terraform\parser\resources\parser_nested_modules\module/main.tf in {tf_source_modules:None, file_path:C:\Users\domar\Desktop\MT_repos\checkov\tests\terraform\parser\resources\parser_nes...module2\variable.tf: {'variable': [{'bucket2': {'__end_line__': 3, '__start_line__': 1, 'type': ['${string}']}}]}, ...}

tests\terraform\parser\test_new_parser_modules.py:148: AssertionError</failure></testcase><testcase classname="tests.terraform.parser.test_new_parser_modules.TestParserInternals" name="test_malformed_output_blocks_new_parser" time="0.005" /><testcase classname="tests.terraform.parser.test_new_parser_modules.TestParserInternals" name="test_parser_with_tvars" time="0.006" /><testcase classname="tests.terraform.parser.test_new_parser_modules.TestParserInternals" name="test_tf_parser" time="0.070" /><testcase classname="tests.terraform.parser.test_parse_file_vs_dir.TestFileVsDirParser" name="test_file_dir_parser_results_match" time="0.084" /><testcase classname="tests.terraform.parser.test_parser_internals" name="test_eval_string_to_list" time="0.037" /><testcase classname="tests.terraform.parser.test_parser_internals" name="test__load_or_die_quietly_with_bom" time="0.002" /><testcase classname="tests.terraform.parser.test_parser_internals" name="test__load_or_die_quietly_without_bom" time="0.002" /><testcase classname="tests.terraform.parser.test_parser_internals" name="test__load_or_die_quietly_with_timeout" time="62.757" /><testcase classname="tests.terraform.parser.test_parser_var_blocks.TestParserInternals" name="test_find_var_blocks" time="0.040" /><testcase classname="tests.terraform.parser.test_parser_var_blocks.TestParserInternals" name="test_split_merge_args" time="0.038" /><testcase classname="tests.terraform.parser.test_plan_parser.TestPlanFileParser" name="test_after_unknown_handling" time="0.041" /><testcase classname="tests.terraform.parser.test_plan_parser.TestPlanFileParser" name="test_encodings" time="0.018" /><testcase classname="tests.terraform.parser.test_plan_parser.TestPlanFileParser" name="test_module_with_connected_resources" time="0.027" /><testcase classname="tests.terraform.parser.test_plan_parser.TestPlanFileParser" name="test_more_tags_values_are_flattened" time="0.013" /><testcase classname="tests.terraform.parser.test_plan_parser.TestPlanFileParser" name="test_plan_multiple_providers" time="0.003" /><testcase classname="tests.terraform.parser.test_plan_parser.TestPlanFileParser" name="test_provider_is_included" time="0.222" /><testcase classname="tests.terraform.parser.test_plan_parser.TestPlanFileParser" name="test_provisioners" time="0.015" /><testcase classname="tests.terraform.parser.test_plan_parser.TestPlanFileParser" name="test_simple_type_booleans_clean" time="0.011" /><testcase classname="tests.terraform.parser.test_plan_parser.TestPlanFileParser" name="test_tags_values_are_flattened" time="0.054" /><testcase classname="tests.terraform.parser.test_plan_parser" name="test_large_file" time="0.038" /><testcase classname="tests.terraform.runner.tf_plan_skip_check_regex.test_tf_plan_skip_check_regex.TestTFplanSkipCheckRegex" name="test_skip_all_checks" time="0.442" /><testcase classname="tests.terraform.runner.tf_plan_skip_check_regex.test_tf_plan_skip_check_regex.TestTFplanSkipCheckRegex" name="test_skip_only_one_file" time="0.516" /><testcase classname="tests.terraform.runner.tf_plan_skip_check_regex.test_tf_plan_skip_check_regex.TestTFplanSkipCheckRegex" name="test_skip_some_checks" time="0.695" /><testcase classname="tests.terraform.test_scanner_registry.TestScannerRegistry" name="test_non_colliding_check_ids" time="0.075" /><testcase classname="tests.terraform.test_scanner_registry.TestScannerRegistry" name="test_non_colliding_graph_check_ids" time="0.508" /><testcase classname="tests.terraform.test_scanner_registry.TestScannerRegistry" name="test_num_of_scanners" time="0.100" /><testcase classname="tests.terraform.util.test_doc_generator" name="test_get_checks_returned_check_number" time="0.221" /><testcase classname="tests.terraform.util.test_doc_generator" name="test_get_checks_returned_frameworks[all]" time="0.046" /><testcase classname="tests.terraform.util.test_doc_generator" name="test_get_checks_returned_frameworks[none]" time="0.045" /><testcase classname="tests.terraform.util.test_doc_generator" name="test_get_checks_returned_frameworks[terraform]" time="0.025" /><testcase classname="tests.terraform.util.test_doc_generator" name="test_get_checks_returned_frameworks[multiple]" time="0.003" /><testcase classname="tests.terraform.util.test_doc_generator" name="test_get_checks_graph_registries" time="0.058" /><testcase classname="tests.terraform.util.test_iam_converter.TestIAMConverter" name="test_convert_condition" time="0.040" /><testcase classname="tests.terraform.util.test_iam_converter.TestIAMConverter" name="test_iam_converter" time="0.041" /></testsuite></testsuites>